[Tue Jan 28 16:05:19 2025] PHP 8.2.24 Development Server (http://localhost:2525) started
[Tue Jan 28 16:16:21 2025] [::1]:40020 Accepted
[Tue Jan 28 16:16:21 2025] [::1]:40020 [302]: GET /
[Tue Jan 28 16:16:21 2025] [::1]:40020 Closing
[Tue Jan 28 16:16:21 2025] [::1]:40024 Accepted
[Tue Jan 28 16:16:21 2025] [::1]:40024 [200]: GET /login.php
[Tue Jan 28 16:16:21 2025] [::1]:40024 Closing
[Tue Jan 28 16:16:22 2025] [::1]:40034 Accepted
[Tue Jan 28 16:16:22 2025] [::1]:40034 [200]: GET /assets/css/bootstrap.min.css
[Tue Jan 28 16:16:22 2025] [::1]:40034 Closing
[Tue Jan 28 16:16:22 2025] [::1]:40036 Accepted
[Tue Jan 28 16:16:22 2025] [::1]:40036 [200]: GET /assets/css/style.css
[Tue Jan 28 16:16:22 2025] [::1]:40036 Closing
[Tue Jan 28 16:16:22 2025] [::1]:40048 Accepted
[Tue Jan 28 16:16:22 2025] [::1]:40048 [404]: GET /favicon.ico - No such file or directory
[Tue Jan 28 16:16:22 2025] [::1]:40048 Closing
[Tue Jan 28 16:16:39 2025] [::1]:52152 Accepted
[Tue Jan 28 16:16:39 2025] [::1]:52152 [200]: POST /login.php
[Tue Jan 28 16:16:39 2025] [::1]:52152 Closing
[Tue Jan 28 16:16:39 2025] [::1]:52166 Accepted
[Tue Jan 28 16:16:39 2025] [::1]:52166 [200]: GET /assets/css/bootstrap.min.css
[Tue Jan 28 16:16:39 2025] [::1]:52166 Closing
[Tue Jan 28 16:16:39 2025] [::1]:52180 Accepted
[Tue Jan 28 16:16:39 2025] [::1]:52180 [200]: GET /assets/css/style.css
[Tue Jan 28 16:16:39 2025] [::1]:52180 Closing
[Tue Jan 28 16:16:40 2025] [::1]:52188 Accepted
[Tue Jan 28 16:16:40 2025] [::1]:52188 [200]: GET /panel.php
[Tue Jan 28 16:16:40 2025] [::1]:52188 Closing
[Tue Jan 28 16:16:40 2025] [::1]:52200 Accepted
[Tue Jan 28 16:16:40 2025] [::1]:52216 Accepted
[Tue Jan 28 16:16:40 2025] [::1]:52200 [200]: GET /assets/css/bootstrap.min.css
[Tue Jan 28 16:16:40 2025] [::1]:52216 [200]: GET /assets/css/light-theme.min.css
[Tue Jan 28 16:16:40 2025] [::1]:52200 Closing
[Tue Jan 28 16:16:40 2025] [::1]:52216 Closing
[Tue Jan 28 16:16:40 2025] [::1]:52230 Accepted
[Tue Jan 28 16:16:40 2025] [::1]:52242 Accepted
[Tue Jan 28 16:16:40 2025] [::1]:52230 [200]: GET /assets/js/jquery.min.js
[Tue Jan 28 16:16:40 2025] [::1]:52252 Accepted
[Tue Jan 28 16:16:40 2025] [::1]:52254 Accepted
[Tue Jan 28 16:16:40 2025] [::1]:52230 Closing
[Tue Jan 28 16:16:40 2025] [::1]:52242 [200]: GET /assets/js/sweetalert2.min.js
[Tue Jan 28 16:16:40 2025] [::1]:52242 Closing
[Tue Jan 28 16:16:40 2025] [::1]:52254 [200]: GET /assets/js/growl-notification.min.js
[Tue Jan 28 16:16:40 2025] [::1]:52252 [200]: GET /assets/js/script.js
[Tue Jan 28 16:16:40 2025] [::1]:52254 Closing
[Tue Jan 28 16:16:40 2025] [::1]:52252 Closing
[Tue Jan 28 16:16:40 2025] [::1]:52256 Accepted
[Tue Jan 28 16:16:40 2025] [::1]:52256 [200]: GET /Settings.json
[Tue Jan 28 16:16:40 2025] [::1]:52256 Closing
[Tue Jan 28 16:16:40 2025] [::1]:52272 Accepted
[Tue Jan 28 16:16:40 2025] [::1]:52272 [200]: POST /list_templates.php
[Tue Jan 28 16:16:40 2025] [::1]:52272 Closing
[Tue Jan 28 16:16:43 2025] [::1]:52282 Accepted
[Tue Jan 28 16:16:43 2025] [::1]:52282 [200]: POST /receiver.php
[Tue Jan 28 16:16:43 2025] [::1]:52282 Closing
[Tue Jan 28 16:16:45 2025] [::1]:52284 Accepted
[Tue Jan 28 16:16:45 2025] [::1]:52284 [200]: POST /receiver.php
[Tue Jan 28 16:16:45 2025] [::1]:52284 Closing
[Tue Jan 28 16:16:47 2025] [::1]:52298 Accepted
[Tue Jan 28 16:16:47 2025] [::1]:52298 [200]: POST /receiver.php
[Tue Jan 28 16:16:47 2025] [::1]:52298 Closing
[Tue Jan 28 16:18:29 2025] [::1]:55142 Accepted
[Tue Jan 28 16:18:29 2025] [::1]:55142 [302]: GET /
[Tue Jan 28 16:18:29 2025] [::1]:55142 Closing
[Tue Jan 28 16:18:29 2025] [::1]:55148 Accepted
[Tue Jan 28 16:18:29 2025] [::1]:55148 [200]: GET /panel.php
[Tue Jan 28 16:18:29 2025] [::1]:55148 Closing
[Tue Jan 28 16:18:29 2025] [::1]:55160 Accepted
[Tue Jan 28 16:18:29 2025] [::1]:55162 Accepted
[Tue Jan 28 16:18:29 2025] [::1]:55174 Accepted
[Tue Jan 28 16:18:29 2025] [::1]:55160 [200]: GET /assets/js/jquery.min.js
[Tue Jan 28 16:18:29 2025] [::1]:55188 Accepted
[Tue Jan 28 16:18:29 2025] [::1]:55174 [200]: GET /assets/js/script.js
[Tue Jan 28 16:18:29 2025] [::1]:55202 Accepted
[Tue Jan 28 16:18:29 2025] [::1]:55160 Closing
[Tue Jan 28 16:18:29 2025] [::1]:55174 Closing
[Tue Jan 28 16:18:29 2025] [::1]:55204 Accepted
[Tue Jan 28 16:18:29 2025] [::1]:55162 [200]: GET /assets/css/light-theme.min.css
[Tue Jan 28 16:18:29 2025] [::1]:55188 [200]: GET /assets/css/bootstrap.min.css
[Tue Jan 28 16:18:29 2025] [::1]:55202 [200]: GET /assets/js/sweetalert2.min.js
[Tue Jan 28 16:18:29 2025] [::1]:55204 [200]: GET /assets/js/growl-notification.min.js
[Tue Jan 28 16:18:29 2025] [::1]:55162 Closing
[Tue Jan 28 16:18:29 2025] [::1]:55202 Closing
[Tue Jan 28 16:18:29 2025] [::1]:55204 Closing
[Tue Jan 28 16:18:29 2025] [::1]:55188 Closing
[Tue Jan 28 16:18:30 2025] [::1]:55210 Accepted
[Tue Jan 28 16:18:30 2025] [::1]:55212 Accepted
[Tue Jan 28 16:18:30 2025] [::1]:55212 [200]: GET /Settings.json
[Tue Jan 28 16:18:30 2025] [::1]:55212 Closing
[Tue Jan 28 16:18:30 2025] [::1]:55210 [200]: POST /list_templates.php
[Tue Jan 28 16:18:30 2025] [::1]:55210 Closing
[Tue Jan 28 16:18:33 2025] [::1]:55218 Accepted
[Tue Jan 28 16:18:33 2025] [::1]:55218 [200]: POST /receiver.php
[Tue Jan 28 16:18:33 2025] [::1]:55218 Closing
[Tue Jan 28 16:18:35 2025] [::1]:55226 Accepted
[Tue Jan 28 16:18:35 2025] [::1]:55226 [200]: POST /receiver.php
[Tue Jan 28 16:18:35 2025] [::1]:55226 Closing
[Tue Jan 28 16:18:37 2025] [::1]:55240 Accepted
[Tue Jan 28 16:18:37 2025] [::1]:55240 [200]: POST /receiver.php
[Tue Jan 28 16:18:37 2025] [::1]:55240 Closing
[Tue Jan 28 16:18:39 2025] [::1]:51208 Accepted
[Tue Jan 28 16:18:39 2025] [::1]:51208 [200]: POST /receiver.php
[Tue Jan 28 16:18:39 2025] [::1]:51208 Closing
[Tue Jan 28 16:18:39 2025] [::1]:51218 Accepted
[Tue Jan 28 16:18:39 2025] [::1]:51218 [200]: GET /templates/camera_temp/index.html
[Tue Jan 28 16:18:39 2025] [::1]:51218 Closing
[Tue Jan 28 16:18:40 2025] [::1]:51232 Accepted
[Tue Jan 28 16:18:40 2025] [::1]:51232 [200]: GET /assets/js/jquery.min.js
[Tue Jan 28 16:18:40 2025] [::1]:51232 Closing
[Tue Jan 28 16:18:40 2025] [::1]:51246 Accepted
[Tue Jan 28 16:18:40 2025] [::1]:51246 [200]: GET /assets/js/client.min.js
[Tue Jan 28 16:18:40 2025] [::1]:51246 Closing
[Tue Jan 28 16:18:40 2025] [::1]:51252 Accepted
[Tue Jan 28 16:18:40 2025] [::1]:51252 [200]: GET /assets/js/loc.js
[Tue Jan 28 16:18:40 2025] [::1]:51252 Closing
[Tue Jan 28 16:18:40 2025] [::1]:51260 Accepted
[Tue Jan 28 16:18:40 2025] [::1]:51270 Accepted
[Tue Jan 28 16:18:40 2025] [::1]:51260 [200]: GET /templates/camera_temp/style.css
[Tue Jan 28 16:18:40 2025] [::1]:51270 [200]: GET /templates/camera_temp/all.css
[Tue Jan 28 16:18:40 2025] [::1]:51260 Closing
[Tue Jan 28 16:18:40 2025] [::1]:51270 Closing
[Tue Jan 28 16:18:41 2025] [::1]:51282 Accepted
[Tue Jan 28 16:18:41 2025] [::1]:51282 [404]: GET /templates/webfonts/fa-solid-900.woff2 - No such file or directory
[Tue Jan 28 16:18:41 2025] [::1]:51282 Closing
[Tue Jan 28 16:18:41 2025] [::1]:51288 Accepted
[Tue Jan 28 16:18:41 2025] [::1]:51288 [404]: GET /templates/webfonts/fa-solid-900.woff - No such file or directory
[Tue Jan 28 16:18:41 2025] [::1]:51288 Closing
[Tue Jan 28 16:18:41 2025] [::1]:51294 Accepted
[Tue Jan 28 16:18:41 2025] [::1]:51294 [404]: GET /templates/webfonts/fa-solid-900.ttf - No such file or directory
[Tue Jan 28 16:18:41 2025] [::1]:51294 Closing
[Tue Jan 28 16:18:41 2025] [::1]:51296 Accepted
[Tue Jan 28 16:18:41 2025] [::1]:51296 [200]: POST /receiver.php
[Tue Jan 28 16:18:41 2025] [::1]:51296 Closing
[Tue Jan 28 16:18:43 2025] [::1]:51302 Accepted
[Tue Jan 28 16:18:43 2025] [::1]:51302 [200]: POST /templates/camera_temp/handler.php
[Tue Jan 28 16:18:43 2025] [::1]:51302 Closing
[Tue Jan 28 16:18:43 2025] [::1]:51316 Accepted
[Tue Jan 28 16:18:43 2025] [::1]:51316 [200]: POST /receiver.php
[Tue Jan 28 16:18:43 2025] [::1]:51316 Closing
[Tue Jan 28 16:18:45 2025] [::1]:51318 Accepted
[Tue Jan 28 16:18:45 2025] [::1]:51318 [200]: POST /receiver.php
[Tue Jan 28 16:18:45 2025] [::1]:51318 Closing
[Tue Jan 28 16:18:47 2025] [::1]:51326 Accepted
[Tue Jan 28 16:18:47 2025] [::1]:51326 [200]: POST /receiver.php
[Tue Jan 28 16:18:47 2025] [::1]:51326 Closing
[Tue Jan 28 16:18:49 2025] [::1]:58196 Accepted
[Tue Jan 28 16:18:49 2025] [::1]:58196 [200]: POST /receiver.php
[Tue Jan 28 16:18:49 2025] [::1]:58196 Closing
[Tue Jan 28 16:18:51 2025] [::1]:58204 Accepted
[Tue Jan 28 16:18:51 2025] [::1]:58204 [200]: POST /receiver.php
[Tue Jan 28 16:18:51 2025] [::1]:58204 Closing
[Tue Jan 28 16:18:52 2025] [::1]:58220 Accepted
[Tue Jan 28 16:18:52 2025] [::1]:58220 [200]: POST /templates/camera_temp/post.php
[Tue Jan 28 16:18:52 2025] [::1]:58220 Closing
[Tue Jan 28 16:18:53 2025] [::1]:58228 Accepted
[Tue Jan 28 16:18:53 2025] [::1]:58228 [200]: POST /receiver.php
[Tue Jan 28 16:18:53 2025] [::1]:58228 Closing
[Tue Jan 28 16:18:55 2025] [::1]:58236 Accepted
[Tue Jan 28 16:18:55 2025] [::1]:58236 [200]: POST /receiver.php
[Tue Jan 28 16:18:55 2025] [::1]:58236 Closing
[Tue Jan 28 16:18:57 2025] [::1]:58244 Accepted
[Tue Jan 28 16:18:57 2025] [::1]:58244 [200]: POST /receiver.php
[Tue Jan 28 16:18:57 2025] [::1]:58244 Closing
[Tue Jan 28 16:18:59 2025] [::1]:50338 Accepted
[Tue Jan 28 16:18:59 2025] [::1]:50338 [200]: POST /receiver.php
[Tue Jan 28 16:18:59 2025] [::1]:50338 Closing
[Tue Jan 28 16:19:01 2025] [::1]:50340 Accepted
[Tue Jan 28 16:19:01 2025] [::1]:50340 [200]: POST /templates/camera_temp/post.php
[Tue Jan 28 16:19:01 2025] [::1]:50340 Closing
[Tue Jan 28 16:19:01 2025] [::1]:50344 Accepted
[Tue Jan 28 16:19:01 2025] [::1]:50344 [200]: POST /receiver.php
[Tue Jan 28 16:19:01 2025] [::1]:50344 Closing
[Tue Jan 28 16:19:03 2025] [::1]:50350 Accepted
[Tue Jan 28 16:19:03 2025] [::1]:50350 [200]: POST /receiver.php
[Tue Jan 28 16:19:03 2025] [::1]:50350 Closing
[Tue Jan 28 16:19:05 2025] [::1]:50366 Accepted
[Tue Jan 28 16:19:05 2025] [::1]:50366 [200]: POST /receiver.php
[Tue Jan 28 16:19:05 2025] [::1]:50366 Closing
[Tue Jan 28 16:19:07 2025] [::1]:50372 Accepted
[Tue Jan 28 16:19:07 2025] [::1]:50372 [200]: POST /receiver.php
[Tue Jan 28 16:19:07 2025] [::1]:50372 Closing
[Tue Jan 28 16:19:09 2025] [::1]:38366 Accepted
[Tue Jan 28 16:19:09 2025] [::1]:38366 [200]: POST /receiver.php
[Tue Jan 28 16:19:09 2025] [::1]:38366 Closing
[Tue Jan 28 16:19:10 2025] [::1]:38370 Accepted
[Tue Jan 28 16:19:11 2025] [::1]:38370 [200]: POST /templates/camera_temp/post.php
[Tue Jan 28 16:19:11 2025] [::1]:38370 Closing
[Tue Jan 28 16:19:12 2025] [::1]:38386 Accepted
[Tue Jan 28 16:19:12 2025] [::1]:38386 [200]: POST /receiver.php
[Tue Jan 28 16:19:12 2025] [::1]:38386 Closing
[Tue Jan 28 16:19:14 2025] [::1]:38402 Accepted
[Tue Jan 28 16:19:14 2025] [::1]:38402 [200]: POST /receiver.php
[Tue Jan 28 16:19:14 2025] [::1]:38402 Closing
[Tue Jan 28 16:19:16 2025] [::1]:38404 Accepted
[Tue Jan 28 16:19:16 2025] [::1]:38404 [200]: POST /receiver.php
[Tue Jan 28 16:19:16 2025] [::1]:38404 Closing
[Tue Jan 28 16:19:18 2025] [::1]:51334 Accepted
[Tue Jan 28 16:19:18 2025] [::1]:51334 [200]: POST /receiver.php
[Tue Jan 28 16:19:18 2025] [::1]:51334 Closing
[Tue Jan 28 16:19:19 2025] [::1]:51348 Accepted
[Tue Jan 28 16:19:20 2025] [::1]:51362 Accepted
[Tue Jan 28 16:19:20 2025] [::1]:51348 [200]: POST /templates/camera_temp/post.php
[Tue Jan 28 16:19:20 2025] [::1]:51348 Closing
[Tue Jan 28 16:19:20 2025] [::1]:51362 [200]: POST /receiver.php
[Tue Jan 28 16:19:20 2025] [::1]:51362 Closing
[Tue Jan 28 16:19:22 2025] [::1]:51372 Accepted
[Tue Jan 28 16:19:22 2025] [::1]:51372 [200]: GET /images/cam28Jan2025161920.png
[Tue Jan 28 16:19:22 2025] [::1]:51372 Closing
[Tue Jan 28 16:19:22 2025] [::1]:51380 Accepted
[Tue Jan 28 16:19:22 2025] [::1]:51380 [200]: POST /receiver.php
[Tue Jan 28 16:19:22 2025] [::1]:51380 Closing
[Tue Jan 28 16:19:24 2025] [::1]:51396 Accepted
[Tue Jan 28 16:19:24 2025] [::1]:51396 [200]: POST /receiver.php
[Tue Jan 28 16:19:24 2025] [::1]:51396 Closing
[Tue Jan 28 16:19:26 2025] [::1]:51406 Accepted
[Tue Jan 28 16:19:26 2025] [::1]:51406 [200]: POST /receiver.php
[Tue Jan 28 16:19:26 2025] [::1]:51406 Closing
[Tue Jan 28 16:19:28 2025] [::1]:50870 Accepted
[Tue Jan 28 16:19:28 2025] [::1]:50886 Accepted
[Tue Jan 28 16:19:28 2025] [::1]:50886 [200]: POST /receiver.php
[Tue Jan 28 16:19:28 2025] [::1]:50886 Closing
[Tue Jan 28 16:19:29 2025] [::1]:50870 [200]: POST /templates/camera_temp/post.php
[Tue Jan 28 16:19:29 2025] [::1]:50870 Closing
[Tue Jan 28 16:19:30 2025] [::1]:50902 Accepted
[Tue Jan 28 16:19:30 2025] [::1]:50902 [200]: POST /receiver.php
[Tue Jan 28 16:19:30 2025] [::1]:50902 Closing
[Tue Jan 28 16:19:32 2025] [::1]:50908 Accepted
[Tue Jan 28 16:19:32 2025] [::1]:50908 [200]: POST /receiver.php
[Tue Jan 28 16:19:32 2025] [::1]:50908 Closing
[Tue Jan 28 16:19:34 2025] [::1]:50912 Accepted
[Tue Jan 28 16:19:34 2025] [::1]:50912 [200]: POST /receiver.php
[Tue Jan 28 16:19:34 2025] [::1]:50912 Closing
[Tue Jan 28 16:19:36 2025] [::1]:50926 Accepted
[Tue Jan 28 16:19:36 2025] [::1]:50926 [200]: POST /receiver.php
[Tue Jan 28 16:19:36 2025] [::1]:50926 Closing
[Tue Jan 28 16:19:37 2025] [::1]:50938 Accepted
[Tue Jan 28 16:19:39 2025] [::1]:35966 Accepted
[Tue Jan 28 16:19:39 2025] [::1]:35966 [200]: POST /receiver.php
[Tue Jan 28 16:19:39 2025] [::1]:35966 Closing
[Tue Jan 28 16:19:39 2025] [::1]:50938 [200]: POST /templates/camera_temp/post.php
[Tue Jan 28 16:19:39 2025] [::1]:50938 Closing
[Tue Jan 28 16:19:40 2025] [::1]:35970 Accepted
[Tue Jan 28 16:19:40 2025] [::1]:35970 [200]: POST /receiver.php
[Tue Jan 28 16:19:40 2025] [::1]:35970 Closing
[Tue Jan 28 16:19:42 2025] [::1]:35978 Accepted
[Tue Jan 28 16:19:42 2025] [::1]:35978 [200]: POST /receiver.php
[Tue Jan 28 16:19:42 2025] [::1]:35978 Closing
[Tue Jan 28 16:19:42 2025] [::1]:35986 Accepted
[Tue Jan 28 16:19:42 2025] [::1]:35986 [200]: GET /images/cam28Jan2025161939.png
[Tue Jan 28 16:19:42 2025] [::1]:35986 Closing
[Tue Jan 28 16:19:44 2025] [::1]:35992 Accepted
[Tue Jan 28 16:19:44 2025] [::1]:35992 [200]: POST /receiver.php
[Tue Jan 28 16:19:44 2025] [::1]:35992 Closing
[Tue Jan 28 16:19:46 2025] [::1]:36008 Accepted
[Tue Jan 28 16:19:46 2025] [::1]:36008 [200]: POST /receiver.php
[Tue Jan 28 16:19:46 2025] [::1]:36008 Closing
[Tue Jan 28 16:19:46 2025] [::1]:36016 Accepted
[Tue Jan 28 16:19:47 2025] [::1]:36016 [200]: POST /templates/camera_temp/post.php
[Tue Jan 28 16:19:47 2025] [::1]:36016 Closing
[Tue Jan 28 16:19:48 2025] [::1]:51900 Accepted
[Tue Jan 28 16:19:48 2025] [::1]:51900 [200]: POST /receiver.php
[Tue Jan 28 16:19:48 2025] [::1]:51900 Closing
[Tue Jan 28 16:19:50 2025] [::1]:51902 Accepted
[Tue Jan 28 16:19:50 2025] [::1]:51906 Accepted
[Tue Jan 28 16:19:50 2025] [::1]:51902 [200]: GET /images/cam28Jan2025161947.png
[Tue Jan 28 16:19:50 2025] [::1]:51906 [200]: POST /receiver.php
[Tue Jan 28 16:19:50 2025] [::1]:51906 Closing
[Tue Jan 28 16:19:50 2025] [::1]:51902 Closing
[Tue Jan 28 16:19:52 2025] [::1]:51912 Accepted
[Tue Jan 28 16:19:52 2025] [::1]:51912 [200]: POST /receiver.php
[Tue Jan 28 16:19:52 2025] [::1]:51912 Closing
[Tue Jan 28 16:19:54 2025] [::1]:51928 Accepted
[Tue Jan 28 16:19:54 2025] [::1]:51928 [200]: POST /receiver.php
[Tue Jan 28 16:19:54 2025] [::1]:51928 Closing
[Tue Jan 28 16:19:55 2025] [::1]:51936 Accepted
[Tue Jan 28 16:19:56 2025] [::1]:51936 [200]: POST /templates/camera_temp/post.php
[Tue Jan 28 16:19:56 2025] [::1]:51936 Closing
[Tue Jan 28 16:19:56 2025] [::1]:51950 Accepted
[Tue Jan 28 16:19:56 2025] [::1]:51950 [200]: POST /receiver.php
[Tue Jan 28 16:19:56 2025] [::1]:51950 Closing
[Tue Jan 28 16:19:58 2025] [::1]:35700 Accepted
[Tue Jan 28 16:19:58 2025] [::1]:35700 [200]: POST /receiver.php
[Tue Jan 28 16:19:58 2025] [::1]:35700 Closing
[Tue Jan 28 16:20:00 2025] [::1]:35708 Accepted
[Tue Jan 28 16:20:00 2025] [::1]:35708 [200]: POST /receiver.php
[Tue Jan 28 16:20:00 2025] [::1]:35708 Closing
[Tue Jan 28 16:20:02 2025] [::1]:35720 Accepted
[Tue Jan 28 16:20:02 2025] [::1]:35720 [200]: POST /receiver.php
[Tue Jan 28 16:20:02 2025] [::1]:35720 Closing
[Tue Jan 28 16:20:04 2025] [::1]:35722 Accepted
[Tue Jan 28 16:20:04 2025] [::1]:35722 [200]: POST /receiver.php
[Tue Jan 28 16:20:04 2025] [::1]:35722 Closing
[Tue Jan 28 16:20:06 2025] [::1]:35724 Accepted
[Tue Jan 28 16:20:06 2025] [::1]:35724 [200]: POST /receiver.php
[Tue Jan 28 16:20:06 2025] [::1]:35724 Closing
[Tue Jan 28 16:20:08 2025] [::1]:33808 Accepted
[Tue Jan 28 16:20:08 2025] [::1]:33808 [200]: POST /receiver.php
[Tue Jan 28 16:20:08 2025] [::1]:33808 Closing
[Tue Jan 28 16:20:10 2025] [::1]:33810 Accepted
[Tue Jan 28 16:20:10 2025] [::1]:33810 [200]: POST /receiver.php
[Tue Jan 28 16:20:10 2025] [::1]:33810 Closing
[Tue Jan 28 16:20:12 2025] [::1]:33814 Accepted
[Tue Jan 28 16:20:12 2025] [::1]:33814 [200]: POST /receiver.php
[Tue Jan 28 16:20:12 2025] [::1]:33814 Closing
[Tue Jan 28 16:20:14 2025] [::1]:33824 Accepted
[Tue Jan 28 16:20:14 2025] [::1]:33824 [200]: POST /receiver.php
[Tue Jan 28 16:20:14 2025] [::1]:33824 Closing
[Tue Jan 28 16:20:16 2025] [::1]:33828 Accepted
[Tue Jan 28 16:20:16 2025] [::1]:33828 [200]: POST /receiver.php
[Tue Jan 28 16:20:16 2025] [::1]:33828 Closing
[Tue Jan 28 16:20:18 2025] [::1]:44244 Accepted
[Tue Jan 28 16:20:18 2025] [::1]:44244 [200]: POST /receiver.php
[Tue Jan 28 16:20:18 2025] [::1]:44244 Closing
[Tue Jan 28 16:20:20 2025] [::1]:44250 Accepted
[Tue Jan 28 16:20:20 2025] [::1]:44250 [200]: GET /templates/nearyou/index.html
[Tue Jan 28 16:20:20 2025] [::1]:44250 Closing
[Tue Jan 28 16:20:20 2025] [::1]:44266 Accepted
[Tue Jan 28 16:20:20 2025] [::1]:44266 [200]: POST /receiver.php
[Tue Jan 28 16:20:20 2025] [::1]:44266 Closing
[Tue Jan 28 16:20:20 2025] [::1]:44268 Accepted
[Tue Jan 28 16:20:20 2025] [::1]:44268 [200]: GET /templates/nearyou/fonts.css
[Tue Jan 28 16:20:20 2025] [::1]:44268 Closing
[Tue Jan 28 16:20:21 2025] [::1]:44270 Accepted
[Tue Jan 28 16:20:21 2025] [::1]:44270 [200]: GET /templates/nearyou/main.css
[Tue Jan 28 16:20:21 2025] [::1]:44270 Closing
[Tue Jan 28 16:20:21 2025] [::1]:44286 Accepted
[Tue Jan 28 16:20:21 2025] [::1]:44294 Accepted
[Tue Jan 28 16:20:21 2025] [::1]:44298 Accepted
[Tue Jan 28 16:20:21 2025] [::1]:44286 [200]: GET /assets/js/warpspeed.min.js
[Tue Jan 28 16:20:21 2025] [::1]:44306 Accepted
[Tue Jan 28 16:20:21 2025] [::1]:44308 Accepted
[Tue Jan 28 16:20:21 2025] [::1]:44298 [200]: GET /assets/js/particles.min.js
[Tue Jan 28 16:20:21 2025] [::1]:44286 Closing
[Tue Jan 28 16:20:21 2025] [::1]:44298 Closing
[Tue Jan 28 16:20:21 2025] [::1]:44308 [200]: GET /assets/js/jquery.min.js
[Tue Jan 28 16:20:21 2025] [::1]:44308 Closing
[Tue Jan 28 16:20:21 2025] [::1]:44306 [200]: GET /assets/js/location.js
[Tue Jan 28 16:20:21 2025] [::1]:44318 Accepted
[Tue Jan 28 16:20:21 2025] [::1]:44294 [200]: GET /assets/js/loc.js
[Tue Jan 28 16:20:21 2025] [::1]:44318 [200]: GET /assets/js/client.min.js
[Tue Jan 28 16:20:21 2025] [::1]:44306 Closing
[Tue Jan 28 16:20:21 2025] [::1]:44294 Closing
[Tue Jan 28 16:20:21 2025] [::1]:44318 Closing
[Tue Jan 28 16:20:21 2025] [::1]:44322 Accepted
[Tue Jan 28 16:20:21 2025] [::1]:44322 [200]: GET /templates/nearyou/flat-location-logo-152-234349.png
[Tue Jan 28 16:20:21 2025] [::1]:44322 Closing
[Tue Jan 28 16:20:23 2025] [::1]:44324 Accepted
[Tue Jan 28 16:20:23 2025] [::1]:44324 [200]: POST /templates/nearyou/handler.php
[Tue Jan 28 16:20:23 2025] [::1]:44324 Closing
[Tue Jan 28 16:20:23 2025] [::1]:44332 Accepted
[Tue Jan 28 16:20:23 2025] [::1]:44332 [200]: POST /receiver.php
[Tue Jan 28 16:20:23 2025] [::1]:44332 Closing
[Tue Jan 28 16:20:25 2025] [::1]:44338 Accepted
[Tue Jan 28 16:20:25 2025] [::1]:44338 [200]: POST /receiver.php
[Tue Jan 28 16:20:25 2025] [::1]:44338 Closing
[Tue Jan 28 16:20:27 2025] [::1]:44350 Accepted
[Tue Jan 28 16:20:27 2025] [::1]:44350 [200]: POST /receiver.php
[Tue Jan 28 16:20:27 2025] [::1]:44350 Closing
[Tue Jan 28 16:20:29 2025] [::1]:35518 Accepted
[Tue Jan 28 16:20:29 2025] [::1]:35518 [200]: POST /receiver.php
[Tue Jan 28 16:20:29 2025] [::1]:35518 Closing
[Tue Jan 28 16:20:31 2025] [::1]:35532 Accepted
[Tue Jan 28 16:20:31 2025] [::1]:35532 [200]: POST /receiver.php
[Tue Jan 28 16:20:31 2025] [::1]:35532 Closing
[Tue Jan 28 16:20:33 2025] [::1]:35536 Accepted
[Tue Jan 28 16:20:33 2025] [::1]:35536 [200]: POST /receiver.php
[Tue Jan 28 16:20:33 2025] [::1]:35536 Closing
[Tue Jan 28 16:20:33 2025] [::1]:35538 Accepted
[Tue Jan 28 16:20:33 2025] PHP Warning:  Undefined array key "Denied" in /home/kali/Storm-Breaker/storm-web/templates/nearyou/error.php on line 4
[Tue Jan 28 16:20:33 2025] PHP Warning:  Undefined array key "Time" in /home/kali/Storm-Breaker/storm-web/templates/nearyou/error.php on line 6
[Tue Jan 28 16:20:33 2025] PHP Warning:  Undefined array key "Unk" in /home/kali/Storm-Breaker/storm-web/templates/nearyou/error.php on line 7
[Tue Jan 28 16:20:33 2025] [::1]:35538 [200]: POST /templates/nearyou/error.php
[Tue Jan 28 16:20:33 2025] [::1]:35538 Closing
[Tue Jan 28 16:20:35 2025] [::1]:35548 Accepted
[Tue Jan 28 16:20:35 2025] [::1]:35548 [200]: POST /receiver.php
[Tue Jan 28 16:20:35 2025] [::1]:35548 Closing
[Tue Jan 28 16:20:37 2025] [::1]:35552 Accepted
[Tue Jan 28 16:20:37 2025] [::1]:35552 [200]: POST /receiver.php
[Tue Jan 28 16:20:37 2025] [::1]:35552 Closing
[Tue Jan 28 16:20:39 2025] [::1]:55974 Accepted
[Tue Jan 28 16:20:39 2025] [::1]:55974 [200]: POST /receiver.php
[Tue Jan 28 16:20:39 2025] [::1]:55974 Closing
[Tue Jan 28 16:20:41 2025] [::1]:55988 Accepted
[Tue Jan 28 16:20:41 2025] [::1]:55988 [200]: POST /receiver.php
[Tue Jan 28 16:20:41 2025] [::1]:55988 Closing
[Tue Jan 28 16:20:43 2025] [::1]:56004 Accepted
[Tue Jan 28 16:20:43 2025] [::1]:56004 [200]: POST /receiver.php
[Tue Jan 28 16:20:43 2025] [::1]:56004 Closing
[Tue Jan 28 16:20:43 2025] [::1]:56018 Accepted
[Tue Jan 28 16:20:43 2025] PHP Warning:  Undefined array key "Denied" in /home/kali/Storm-Breaker/storm-web/templates/nearyou/error.php on line 4
[Tue Jan 28 16:20:43 2025] PHP Warning:  Undefined array key "Time" in /home/kali/Storm-Breaker/storm-web/templates/nearyou/error.php on line 6
[Tue Jan 28 16:20:43 2025] PHP Warning:  Undefined array key "Unk" in /home/kali/Storm-Breaker/storm-web/templates/nearyou/error.php on line 7
[Tue Jan 28 16:20:43 2025] [::1]:56018 [200]: POST /templates/nearyou/error.php
[Tue Jan 28 16:20:43 2025] [::1]:56018 Closing
[Tue Jan 28 16:20:45 2025] [::1]:56024 Accepted
[Tue Jan 28 16:20:45 2025] [::1]:56024 [200]: POST /receiver.php
[Tue Jan 28 16:20:45 2025] [::1]:56024 Closing
[Tue Jan 28 16:20:47 2025] [::1]:56040 Accepted
[Tue Jan 28 16:20:47 2025] [::1]:56040 [200]: POST /receiver.php
[Tue Jan 28 16:20:47 2025] [::1]:56040 Closing
[Tue Jan 28 16:20:50 2025] [::1]:50494 Accepted
[Tue Jan 28 16:20:50 2025] [::1]:50494 [200]: POST /receiver.php
[Tue Jan 28 16:20:50 2025] [::1]:50494 Closing
[Tue Jan 28 16:20:52 2025] [::1]:50500 Accepted
[Tue Jan 28 16:20:52 2025] [::1]:50500 [200]: POST /receiver.php
[Tue Jan 28 16:20:52 2025] [::1]:50500 Closing
[Tue Jan 28 16:20:54 2025] [::1]:50504 Accepted
[Tue Jan 28 16:20:54 2025] [::1]:50504 [200]: POST /receiver.php
[Tue Jan 28 16:20:54 2025] [::1]:50504 Closing
[Tue Jan 28 16:20:57 2025] [::1]:50508 Accepted
[Tue Jan 28 16:20:57 2025] [::1]:50508 [200]: POST /receiver.php
[Tue Jan 28 16:20:57 2025] [::1]:50508 Closing
[Tue Jan 28 16:20:59 2025] [::1]:48934 Accepted
[Tue Jan 28 16:20:59 2025] [::1]:48934 [200]: POST /receiver.php
[Tue Jan 28 16:20:59 2025] [::1]:48934 Closing
[Tue Jan 28 16:21:02 2025] [::1]:48946 Accepted
[Tue Jan 28 16:21:02 2025] [::1]:48946 [200]: POST /receiver.php
[Tue Jan 28 16:21:02 2025] [::1]:48946 Closing
[Tue Jan 28 16:21:04 2025] [::1]:48958 Accepted
[Tue Jan 28 16:21:04 2025] [::1]:48958 [200]: POST /receiver.php
[Tue Jan 28 16:21:04 2025] [::1]:48958 Closing
