[Wed Jan 29 09:04:24 2025] PHP 8.2.24 Development Server (http://localhost:2525) started
[Wed Jan 29 09:04:27 2025] [::1]:47034 Accepted
[Wed Jan 29 09:04:27 2025] [::1]:47034 [302]: GET /
[Wed Jan 29 09:04:27 2025] [::1]:47034 Closing
[Wed Jan 29 09:04:27 2025] [::1]:47046 Accepted
[Wed Jan 29 09:04:27 2025] [::1]:47046 [200]: GET /panel.php
[Wed Jan 29 09:04:27 2025] [::1]:47046 Closing
[Wed Jan 29 09:04:27 2025] [::1]:47058 Accepted
[Wed Jan 29 09:04:27 2025] [::1]:47058 [200]: GET /assets/css/bootstrap.min.css
[Wed Jan 29 09:04:27 2025] [::1]:47058 Closing
[Wed Jan 29 09:04:27 2025] [::1]:47068 Accepted
[Wed Jan 29 09:04:27 2025] [::1]:47068 [200]: GET /assets/css/light-theme.min.css
[Wed Jan 29 09:04:27 2025] [::1]:47068 Closing
[Wed Jan 29 09:04:27 2025] [::1]:47080 Accepted
[Wed Jan 29 09:04:27 2025] [::1]:47080 [200]: GET /assets/js/jquery.min.js
[Wed Jan 29 09:04:27 2025] [::1]:47080 Closing
[Wed Jan 29 09:04:27 2025] [::1]:47090 Accepted
[Wed Jan 29 09:04:27 2025] [::1]:47102 Accepted
[Wed Jan 29 09:04:27 2025] [::1]:47090 [200]: GET /assets/js/script.js
[Wed Jan 29 09:04:27 2025] [::1]:47118 Accepted
[Wed Jan 29 09:04:27 2025] [::1]:47090 Closing
[Wed Jan 29 09:04:27 2025] [::1]:47102 [200]: GET /assets/js/sweetalert2.min.js
[Wed Jan 29 09:04:27 2025] [::1]:47102 Closing
[Wed Jan 29 09:04:27 2025] [::1]:47118 [200]: GET /assets/js/growl-notification.min.js
[Wed Jan 29 09:04:27 2025] [::1]:47118 Closing
[Wed Jan 29 09:04:27 2025] [::1]:47134 Accepted
[Wed Jan 29 09:04:27 2025] [::1]:47134 [200]: GET /Settings.json
[Wed Jan 29 09:04:27 2025] [::1]:47134 Closing
[Wed Jan 29 09:04:27 2025] [::1]:47138 Accepted
[Wed Jan 29 09:04:27 2025] [::1]:47138 [200]: POST /list_templates.php
[Wed Jan 29 09:04:27 2025] [::1]:47138 Closing
[Wed Jan 29 09:04:30 2025] [::1]:47150 Accepted
[Wed Jan 29 09:04:30 2025] [::1]:47150 [200]: POST /receiver.php
[Wed Jan 29 09:04:30 2025] [::1]:47150 Closing
[Wed Jan 29 09:04:32 2025] [::1]:33004 Accepted
[Wed Jan 29 09:04:32 2025] [::1]:33004 [200]: POST /receiver.php
[Wed Jan 29 09:04:32 2025] [::1]:33004 Closing
[Wed Jan 29 09:04:34 2025] [::1]:33020 Accepted
[Wed Jan 29 09:04:34 2025] [::1]:33020 [200]: POST /receiver.php
[Wed Jan 29 09:04:34 2025] [::1]:33020 Closing
[Wed Jan 29 09:04:36 2025] [::1]:33026 Accepted
[Wed Jan 29 09:04:36 2025] [::1]:33026 [200]: POST /receiver.php
[Wed Jan 29 09:04:36 2025] [::1]:33026 Closing
[Wed Jan 29 09:04:38 2025] [::1]:33032 Accepted
[Wed Jan 29 09:04:38 2025] [::1]:33032 [200]: POST /receiver.php
[Wed Jan 29 09:04:38 2025] [::1]:33032 Closing
[Wed Jan 29 09:04:40 2025] [::1]:33040 Accepted
[Wed Jan 29 09:04:40 2025] [::1]:33040 [200]: POST /receiver.php
[Wed Jan 29 09:04:40 2025] [::1]:33040 Closing
[Wed Jan 29 09:04:42 2025] [::1]:42808 Accepted
[Wed Jan 29 09:04:42 2025] [::1]:42808 [200]: POST /receiver.php
[Wed Jan 29 09:04:42 2025] [::1]:42808 Closing
[Wed Jan 29 09:04:44 2025] [::1]:42810 Accepted
[Wed Jan 29 09:04:44 2025] [::1]:42810 [200]: POST /receiver.php
[Wed Jan 29 09:04:44 2025] [::1]:42810 Closing
[Wed Jan 29 09:04:46 2025] [::1]:42826 Accepted
[Wed Jan 29 09:04:46 2025] [::1]:42826 [200]: POST /receiver.php
[Wed Jan 29 09:04:46 2025] [::1]:42826 Closing
[Wed Jan 29 09:04:49 2025] [::1]:42834 Accepted
[Wed Jan 29 09:04:49 2025] [::1]:42834 [200]: POST /receiver.php
[Wed Jan 29 09:04:49 2025] [::1]:42834 Closing
[Wed Jan 29 09:04:51 2025] [::1]:37152 Accepted
[Wed Jan 29 09:04:51 2025] [::1]:37152 [200]: POST /receiver.php
[Wed Jan 29 09:04:51 2025] [::1]:37152 Closing
[Wed Jan 29 09:04:53 2025] [::1]:37162 Accepted
[Wed Jan 29 09:04:53 2025] [::1]:37162 [200]: POST /receiver.php
[Wed Jan 29 09:04:53 2025] [::1]:37162 Closing
[Wed Jan 29 09:04:55 2025] [::1]:37172 Accepted
[Wed Jan 29 09:04:55 2025] [::1]:37172 [200]: POST /receiver.php
[Wed Jan 29 09:04:55 2025] [::1]:37172 Closing
[Wed Jan 29 09:04:57 2025] [::1]:37174 Accepted
[Wed Jan 29 09:04:57 2025] [::1]:37174 [200]: POST /receiver.php
[Wed Jan 29 09:04:57 2025] [::1]:37174 Closing
[Wed Jan 29 09:04:59 2025] [::1]:37188 Accepted
[Wed Jan 29 09:04:59 2025] [::1]:37188 [200]: POST /receiver.php
[Wed Jan 29 09:04:59 2025] [::1]:37188 Closing
[Wed Jan 29 09:05:01 2025] [::1]:54312 Accepted
[Wed Jan 29 09:05:01 2025] [::1]:54312 [200]: POST /receiver.php
[Wed Jan 29 09:05:01 2025] [::1]:54312 Closing
[Wed Jan 29 09:05:03 2025] [::1]:54326 Accepted
[Wed Jan 29 09:05:03 2025] [::1]:54326 [200]: POST /receiver.php
[Wed Jan 29 09:05:03 2025] [::1]:54326 Closing
[Wed Jan 29 09:05:05 2025] [::1]:54330 Accepted
[Wed Jan 29 09:05:05 2025] [::1]:54330 [200]: POST /receiver.php
[Wed Jan 29 09:05:05 2025] [::1]:54330 Closing
[Wed Jan 29 09:05:07 2025] [::1]:54344 Accepted
[Wed Jan 29 09:05:07 2025] [::1]:54344 [200]: POST /receiver.php
[Wed Jan 29 09:05:07 2025] [::1]:54344 Closing
[Wed Jan 29 09:05:09 2025] [::1]:54356 Accepted
[Wed Jan 29 09:05:09 2025] [::1]:54356 [200]: POST /receiver.php
[Wed Jan 29 09:05:09 2025] [::1]:54356 Closing
[Wed Jan 29 09:05:11 2025] [::1]:35434 Accepted
[Wed Jan 29 09:05:11 2025] [::1]:35434 [200]: POST /receiver.php
[Wed Jan 29 09:05:11 2025] [::1]:35434 Closing
[Wed Jan 29 09:05:13 2025] [::1]:35444 Accepted
[Wed Jan 29 09:05:13 2025] [::1]:35444 [200]: POST /receiver.php
[Wed Jan 29 09:05:13 2025] [::1]:35444 Closing
[Wed Jan 29 09:05:15 2025] [::1]:35460 Accepted
[Wed Jan 29 09:05:15 2025] [::1]:35460 [200]: POST /receiver.php
[Wed Jan 29 09:05:15 2025] [::1]:35460 Closing
[Wed Jan 29 09:05:17 2025] [::1]:35474 Accepted
[Wed Jan 29 09:05:17 2025] [::1]:35474 [200]: POST /receiver.php
[Wed Jan 29 09:05:17 2025] [::1]:35474 Closing
[Wed Jan 29 09:05:19 2025] [::1]:35488 Accepted
[Wed Jan 29 09:05:19 2025] [::1]:35488 [200]: POST /receiver.php
[Wed Jan 29 09:05:19 2025] [::1]:35488 Closing
[Wed Jan 29 09:05:21 2025] [::1]:38060 Accepted
[Wed Jan 29 09:05:21 2025] [::1]:38060 [200]: POST /receiver.php
[Wed Jan 29 09:05:21 2025] [::1]:38060 Closing
[Wed Jan 29 09:05:23 2025] [::1]:38066 Accepted
[Wed Jan 29 09:05:23 2025] [::1]:38066 [200]: POST /receiver.php
[Wed Jan 29 09:05:23 2025] [::1]:38066 Closing
[Wed Jan 29 09:05:25 2025] [::1]:38078 Accepted
[Wed Jan 29 09:05:25 2025] [::1]:38078 [200]: POST /receiver.php
[Wed Jan 29 09:05:25 2025] [::1]:38078 Closing
[Wed Jan 29 09:05:27 2025] [::1]:38086 Accepted
[Wed Jan 29 09:05:27 2025] [::1]:38086 [200]: POST /receiver.php
[Wed Jan 29 09:05:27 2025] [::1]:38086 Closing
[Wed Jan 29 09:05:29 2025] [::1]:38092 Accepted
[Wed Jan 29 09:05:29 2025] [::1]:38092 [200]: POST /receiver.php
[Wed Jan 29 09:05:29 2025] [::1]:38092 Closing
[Wed Jan 29 09:05:31 2025] [::1]:33390 Accepted
[Wed Jan 29 09:05:31 2025] [::1]:33390 [200]: POST /receiver.php
[Wed Jan 29 09:05:31 2025] [::1]:33390 Closing
[Wed Jan 29 09:05:33 2025] [::1]:33396 Accepted
[Wed Jan 29 09:05:33 2025] [::1]:33396 [200]: POST /receiver.php
[Wed Jan 29 09:05:33 2025] [::1]:33396 Closing
[Wed Jan 29 09:05:35 2025] [::1]:33400 Accepted
[Wed Jan 29 09:05:35 2025] [::1]:33400 [200]: POST /receiver.php
[Wed Jan 29 09:05:35 2025] [::1]:33400 Closing
[Wed Jan 29 09:05:37 2025] [::1]:33408 Accepted
[Wed Jan 29 09:05:37 2025] [::1]:33408 [200]: POST /receiver.php
[Wed Jan 29 09:05:37 2025] [::1]:33408 Closing
[Wed Jan 29 09:05:39 2025] [::1]:33420 Accepted
[Wed Jan 29 09:05:39 2025] [::1]:33420 [200]: POST /receiver.php
[Wed Jan 29 09:05:39 2025] [::1]:33420 Closing
[Wed Jan 29 09:05:41 2025] [::1]:44098 Accepted
[Wed Jan 29 09:05:41 2025] [::1]:44098 [200]: POST /receiver.php
[Wed Jan 29 09:05:41 2025] [::1]:44098 Closing
[Wed Jan 29 09:05:43 2025] [::1]:44100 Accepted
[Wed Jan 29 09:05:43 2025] [::1]:44100 [200]: POST /receiver.php
[Wed Jan 29 09:05:43 2025] [::1]:44100 Closing
[Wed Jan 29 09:05:45 2025] [::1]:44116 Accepted
[Wed Jan 29 09:05:45 2025] [::1]:44116 [200]: POST /receiver.php
[Wed Jan 29 09:05:45 2025] [::1]:44116 Closing
[Wed Jan 29 09:05:47 2025] [::1]:44128 Accepted
[Wed Jan 29 09:05:47 2025] [::1]:44128 [200]: POST /receiver.php
[Wed Jan 29 09:05:47 2025] [::1]:44128 Closing
[Wed Jan 29 09:05:49 2025] [::1]:44138 Accepted
[Wed Jan 29 09:05:49 2025] [::1]:44138 [200]: POST /receiver.php
[Wed Jan 29 09:05:49 2025] [::1]:44138 Closing
[Wed Jan 29 09:05:51 2025] [::1]:39602 Accepted
[Wed Jan 29 09:05:51 2025] [::1]:39602 [200]: POST /receiver.php
[Wed Jan 29 09:05:51 2025] [::1]:39602 Closing
[Wed Jan 29 09:05:53 2025] [::1]:39610 Accepted
[Wed Jan 29 09:05:53 2025] [::1]:39610 [200]: POST /receiver.php
[Wed Jan 29 09:05:53 2025] [::1]:39610 Closing
[Wed Jan 29 09:05:55 2025] [::1]:39616 Accepted
[Wed Jan 29 09:05:55 2025] [::1]:39616 [200]: POST /receiver.php
[Wed Jan 29 09:05:55 2025] [::1]:39616 Closing
[Wed Jan 29 09:05:57 2025] [::1]:39624 Accepted
[Wed Jan 29 09:05:57 2025] [::1]:39624 [200]: POST /receiver.php
[Wed Jan 29 09:05:57 2025] [::1]:39624 Closing
[Wed Jan 29 09:05:59 2025] [::1]:39634 Accepted
[Wed Jan 29 09:05:59 2025] [::1]:39634 [200]: POST /receiver.php
[Wed Jan 29 09:05:59 2025] [::1]:39634 Closing
[Wed Jan 29 09:06:01 2025] [::1]:33894 Accepted
[Wed Jan 29 09:06:01 2025] [::1]:33894 [200]: POST /receiver.php
[Wed Jan 29 09:06:01 2025] [::1]:33894 Closing
[Wed Jan 29 09:06:03 2025] [::1]:33900 Accepted
[Wed Jan 29 09:06:03 2025] [::1]:33900 [200]: POST /receiver.php
[Wed Jan 29 09:06:03 2025] [::1]:33900 Closing
[Wed Jan 29 09:06:05 2025] [::1]:33902 Accepted
[Wed Jan 29 09:06:05 2025] [::1]:33902 [200]: POST /receiver.php
[Wed Jan 29 09:06:05 2025] [::1]:33902 Closing
[Wed Jan 29 09:06:07 2025] [::1]:33918 Accepted
[Wed Jan 29 09:06:07 2025] [::1]:33918 [200]: POST /receiver.php
[Wed Jan 29 09:06:07 2025] [::1]:33918 Closing
[Wed Jan 29 09:06:09 2025] [::1]:33926 Accepted
[Wed Jan 29 09:06:09 2025] [::1]:33926 [200]: POST /receiver.php
[Wed Jan 29 09:06:09 2025] [::1]:33926 Closing
[Wed Jan 29 09:06:11 2025] [::1]:57848 Accepted
[Wed Jan 29 09:06:11 2025] [::1]:57848 [200]: POST /receiver.php
[Wed Jan 29 09:06:11 2025] [::1]:57848 Closing
[Wed Jan 29 09:06:13 2025] [::1]:57854 Accepted
[Wed Jan 29 09:06:13 2025] [::1]:57854 [200]: POST /receiver.php
[Wed Jan 29 09:06:13 2025] [::1]:57854 Closing
[Wed Jan 29 09:06:14 2025] [::1]:57860 Accepted
[Wed Jan 29 09:06:14 2025] [::1]:57860 [200]: GET /panel.php
[Wed Jan 29 09:06:14 2025] [::1]:57860 Closing
[Wed Jan 29 09:06:14 2025] [::1]:57876 Accepted
[Wed Jan 29 09:06:14 2025] [::1]:57878 Accepted
[Wed Jan 29 09:06:14 2025] [::1]:57876 [200]: GET /assets/js/jquery.min.js
[Wed Jan 29 09:06:14 2025] [::1]:57876 Closing
[Wed Jan 29 09:06:14 2025] [::1]:57878 [200]: GET /assets/js/script.js
[Wed Jan 29 09:06:14 2025] [::1]:57878 Closing
[Wed Jan 29 09:06:14 2025] [::1]:57886 Accepted
[Wed Jan 29 09:06:14 2025] [::1]:57886 [200]: GET /assets/js/sweetalert2.min.js
[Wed Jan 29 09:06:14 2025] [::1]:57886 Closing
[Wed Jan 29 09:06:14 2025] [::1]:57888 Accepted
[Wed Jan 29 09:06:14 2025] [::1]:57888 [200]: GET /assets/js/growl-notification.min.js
[Wed Jan 29 09:06:14 2025] [::1]:57888 Closing
[Wed Jan 29 09:06:14 2025] [::1]:57896 Accepted
[Wed Jan 29 09:06:14 2025] [::1]:57898 Accepted
[Wed Jan 29 09:06:14 2025] [::1]:57896 [200]: GET /assets/css/bootstrap.min.css
[Wed Jan 29 09:06:14 2025] [::1]:57898 [200]: GET /assets/css/light-theme.min.css
[Wed Jan 29 09:06:14 2025] [::1]:57896 Closing
[Wed Jan 29 09:06:14 2025] [::1]:57898 Closing
[Wed Jan 29 09:06:14 2025] [::1]:57906 Accepted
[Wed Jan 29 09:06:14 2025] [::1]:57906 [404]: GET /favicon.ico - No such file or directory
[Wed Jan 29 09:06:14 2025] [::1]:57906 Closing
[Wed Jan 29 09:06:14 2025] [::1]:57914 Accepted
[Wed Jan 29 09:06:14 2025] [::1]:57914 [200]: GET /Settings.json
[Wed Jan 29 09:06:14 2025] [::1]:57914 Closing
[Wed Jan 29 09:06:14 2025] [::1]:57930 Accepted
[Wed Jan 29 09:06:14 2025] [::1]:57930 [200]: POST /list_templates.php
[Wed Jan 29 09:06:14 2025] [::1]:57930 Closing
[Wed Jan 29 09:06:17 2025] [::1]:57938 Accepted
[Wed Jan 29 09:06:17 2025] [::1]:57938 [200]: POST /receiver.php
[Wed Jan 29 09:06:17 2025] [::1]:57938 Closing
[Wed Jan 29 09:06:19 2025] [::1]:57944 Accepted
[Wed Jan 29 09:06:19 2025] [::1]:57944 [200]: POST /receiver.php
[Wed Jan 29 09:06:19 2025] [::1]:57944 Closing
[Wed Jan 29 09:06:21 2025] [::1]:59254 Accepted
[Wed Jan 29 09:06:21 2025] [::1]:59254 [200]: POST /receiver.php
[Wed Jan 29 09:06:21 2025] [::1]:59254 Closing
[Wed Jan 29 09:06:23 2025] [::1]:59258 Accepted
[Wed Jan 29 09:06:23 2025] [::1]:59258 [200]: POST /receiver.php
[Wed Jan 29 09:06:23 2025] [::1]:59258 Closing
[Wed Jan 29 09:06:25 2025] [::1]:59260 Accepted
[Wed Jan 29 09:06:25 2025] [::1]:59260 [200]: POST /receiver.php
[Wed Jan 29 09:06:25 2025] [::1]:59260 Closing
[Wed Jan 29 09:06:27 2025] [::1]:59266 Accepted
[Wed Jan 29 09:06:27 2025] [::1]:59266 [200]: POST /receiver.php
[Wed Jan 29 09:06:27 2025] [::1]:59266 Closing
[Wed Jan 29 09:06:29 2025] [::1]:59272 Accepted
[Wed Jan 29 09:06:29 2025] [::1]:59272 [200]: POST /receiver.php
[Wed Jan 29 09:06:29 2025] [::1]:59272 Closing
[Wed Jan 29 09:06:31 2025] [::1]:49896 Accepted
[Wed Jan 29 09:06:31 2025] [::1]:49896 [200]: POST /receiver.php
[Wed Jan 29 09:06:31 2025] [::1]:49896 Closing
[Wed Jan 29 09:06:33 2025] [::1]:49898 Accepted
[Wed Jan 29 09:06:33 2025] [::1]:49898 [200]: POST /receiver.php
[Wed Jan 29 09:06:33 2025] [::1]:49898 Closing
[Wed Jan 29 09:06:35 2025] [::1]:49908 Accepted
[Wed Jan 29 09:06:35 2025] [::1]:49908 [200]: POST /receiver.php
[Wed Jan 29 09:06:35 2025] [::1]:49908 Closing
[Wed Jan 29 09:06:37 2025] [::1]:49910 Accepted
[Wed Jan 29 09:06:37 2025] [::1]:49910 [200]: POST /receiver.php
[Wed Jan 29 09:06:37 2025] [::1]:49910 Closing
[Wed Jan 29 09:06:39 2025] [::1]:49914 Accepted
[Wed Jan 29 09:06:39 2025] [::1]:49914 [200]: POST /receiver.php
[Wed Jan 29 09:06:39 2025] [::1]:49914 Closing
[Wed Jan 29 09:06:41 2025] [::1]:33846 Accepted
[Wed Jan 29 09:06:41 2025] [::1]:33846 [200]: POST /receiver.php
[Wed Jan 29 09:06:41 2025] [::1]:33846 Closing
[Wed Jan 29 09:06:43 2025] [::1]:33856 Accepted
[Wed Jan 29 09:06:43 2025] [::1]:33856 [200]: POST /receiver.php
[Wed Jan 29 09:06:43 2025] [::1]:33856 Closing
[Wed Jan 29 09:06:45 2025] [::1]:33860 Accepted
[Wed Jan 29 09:06:45 2025] [::1]:33860 [200]: POST /receiver.php
[Wed Jan 29 09:06:45 2025] [::1]:33860 Closing
[Wed Jan 29 09:06:47 2025] [::1]:33870 Accepted
[Wed Jan 29 09:06:47 2025] [::1]:33870 [200]: POST /receiver.php
[Wed Jan 29 09:06:47 2025] [::1]:33870 Closing
[Wed Jan 29 09:06:49 2025] [::1]:33878 Accepted
[Wed Jan 29 09:06:49 2025] [::1]:33878 [200]: POST /receiver.php
[Wed Jan 29 09:06:49 2025] [::1]:33878 Closing
[Wed Jan 29 09:06:51 2025] [::1]:39152 Accepted
[Wed Jan 29 09:06:51 2025] [::1]:39152 [200]: POST /receiver.php
[Wed Jan 29 09:06:51 2025] [::1]:39152 Closing
[Wed Jan 29 09:06:53 2025] [::1]:39156 Accepted
[Wed Jan 29 09:06:53 2025] [::1]:39156 [200]: POST /receiver.php
[Wed Jan 29 09:06:53 2025] [::1]:39156 Closing
[Wed Jan 29 09:06:55 2025] [::1]:39170 Accepted
[Wed Jan 29 09:06:55 2025] [::1]:39170 [200]: POST /receiver.php
[Wed Jan 29 09:06:55 2025] [::1]:39170 Closing
[Wed Jan 29 09:06:57 2025] [::1]:39186 Accepted
[Wed Jan 29 09:06:57 2025] [::1]:39186 [200]: POST /receiver.php
[Wed Jan 29 09:06:57 2025] [::1]:39186 Closing
[Wed Jan 29 09:06:58 2025] [::1]:39192 Accepted
[Wed Jan 29 09:06:58 2025] [::1]:39192 [200]: GET /panel.php
[Wed Jan 29 09:06:58 2025] [::1]:39192 Closing
[Wed Jan 29 09:06:59 2025] [::1]:39196 Accepted
[Wed Jan 29 09:06:59 2025] [::1]:39196 [200]: GET /assets/js/jquery.min.js
[Wed Jan 29 09:06:59 2025] [::1]:39196 Closing
[Wed Jan 29 09:06:59 2025] [::1]:39202 Accepted
[Wed Jan 29 09:06:59 2025] [::1]:39202 [200]: GET /assets/js/script.js
[Wed Jan 29 09:06:59 2025] [::1]:39202 Closing
[Wed Jan 29 09:06:59 2025] [::1]:39206 Accepted
[Wed Jan 29 09:06:59 2025] [::1]:39206 [200]: GET /assets/js/sweetalert2.min.js
[Wed Jan 29 09:06:59 2025] [::1]:39206 Closing
[Wed Jan 29 09:06:59 2025] [::1]:39214 Accepted
[Wed Jan 29 09:06:59 2025] [::1]:39214 [200]: GET /assets/js/growl-notification.min.js
[Wed Jan 29 09:06:59 2025] [::1]:39214 Closing
[Wed Jan 29 09:06:59 2025] [::1]:39216 Accepted
[Wed Jan 29 09:06:59 2025] [::1]:39220 Accepted
[Wed Jan 29 09:06:59 2025] [::1]:39216 [200]: GET /assets/css/bootstrap.min.css
[Wed Jan 29 09:06:59 2025] [::1]:39216 Closing
[Wed Jan 29 09:06:59 2025] [::1]:39220 [200]: GET /assets/css/light-theme.min.css
[Wed Jan 29 09:06:59 2025] [::1]:39220 Closing
[Wed Jan 29 09:06:59 2025] [::1]:39234 Accepted
[Wed Jan 29 09:06:59 2025] [::1]:39234 [200]: GET /Settings.json
[Wed Jan 29 09:06:59 2025] [::1]:39234 Closing
[Wed Jan 29 09:06:59 2025] [::1]:39240 Accepted
[Wed Jan 29 09:06:59 2025] [::1]:39240 [200]: POST /list_templates.php
[Wed Jan 29 09:06:59 2025] [::1]:39240 Closing
[Wed Jan 29 09:07:02 2025] [::1]:36232 Accepted
[Wed Jan 29 09:07:02 2025] [::1]:36232 [200]: POST /receiver.php
[Wed Jan 29 09:07:02 2025] [::1]:36232 Closing
[Wed Jan 29 09:07:04 2025] [::1]:36246 Accepted
[Wed Jan 29 09:07:04 2025] [::1]:36246 [200]: POST /receiver.php
[Wed Jan 29 09:07:04 2025] [::1]:36246 Closing
[Wed Jan 29 09:07:06 2025] [::1]:36248 Accepted
[Wed Jan 29 09:07:06 2025] [::1]:36248 [200]: POST /receiver.php
[Wed Jan 29 09:07:06 2025] [::1]:36248 Closing
[Wed Jan 29 09:07:08 2025] [::1]:36250 Accepted
[Wed Jan 29 09:07:08 2025] [::1]:36250 [200]: POST /receiver.php
[Wed Jan 29 09:07:08 2025] [::1]:36250 Closing
[Wed Jan 29 09:07:10 2025] [::1]:36266 Accepted
[Wed Jan 29 09:07:10 2025] [::1]:36266 [200]: POST /receiver.php
[Wed Jan 29 09:07:10 2025] [::1]:36266 Closing
[Wed Jan 29 09:07:12 2025] [::1]:55866 Accepted
[Wed Jan 29 09:07:12 2025] [::1]:55866 [200]: POST /receiver.php
[Wed Jan 29 09:07:12 2025] [::1]:55866 Closing
[Wed Jan 29 09:07:14 2025] [::1]:55874 Accepted
[Wed Jan 29 09:07:14 2025] [::1]:55874 [200]: POST /receiver.php
[Wed Jan 29 09:07:14 2025] [::1]:55874 Closing
[Wed Jan 29 09:07:16 2025] [::1]:55886 Accepted
[Wed Jan 29 09:07:16 2025] [::1]:55886 [200]: POST /receiver.php
[Wed Jan 29 09:07:16 2025] [::1]:55886 Closing
[Wed Jan 29 09:07:18 2025] [::1]:55890 Accepted
[Wed Jan 29 09:07:18 2025] [::1]:55890 [200]: POST /receiver.php
[Wed Jan 29 09:07:18 2025] [::1]:55890 Closing
[Wed Jan 29 09:07:19 2025] [::1]:55892 Accepted
[Wed Jan 29 09:07:19 2025] [::1]:55892 [200]: GET /panel.php
[Wed Jan 29 09:07:19 2025] [::1]:55892 Closing
[Wed Jan 29 09:07:19 2025] [::1]:55904 Accepted
[Wed Jan 29 09:07:19 2025] [::1]:55904 [200]: GET /assets/css/bootstrap.min.css
[Wed Jan 29 09:07:19 2025] [::1]:55904 Closing
[Wed Jan 29 09:07:19 2025] [::1]:55920 Accepted
[Wed Jan 29 09:07:19 2025] [::1]:55920 [200]: GET /assets/js/jquery.min.js
[Wed Jan 29 09:07:19 2025] [::1]:55934 Accepted
[Wed Jan 29 09:07:19 2025] [::1]:55920 Closing
[Wed Jan 29 09:07:19 2025] [::1]:55934 [200]: GET /assets/js/script.js
[Wed Jan 29 09:07:19 2025] [::1]:55934 Closing
[Wed Jan 29 09:07:19 2025] [::1]:55948 Accepted
[Wed Jan 29 09:07:19 2025] [::1]:55948 [200]: GET /assets/js/sweetalert2.min.js
[Wed Jan 29 09:07:19 2025] [::1]:55948 Closing
[Wed Jan 29 09:07:19 2025] [::1]:55960 Accepted
[Wed Jan 29 09:07:19 2025] [::1]:55960 [200]: GET /assets/js/growl-notification.min.js
[Wed Jan 29 09:07:19 2025] [::1]:55960 Closing
[Wed Jan 29 09:07:19 2025] [::1]:55962 Accepted
[Wed Jan 29 09:07:19 2025] [::1]:55962 [200]: GET /assets/css/light-theme.min.css
[Wed Jan 29 09:07:19 2025] [::1]:55962 Closing
[Wed Jan 29 09:07:19 2025] [::1]:55976 Accepted
[Wed Jan 29 09:07:19 2025] [::1]:55976 [404]: GET /favicon.ico - No such file or directory
[Wed Jan 29 09:07:19 2025] [::1]:55976 Closing
[Wed Jan 29 09:07:19 2025] [::1]:55988 Accepted
[Wed Jan 29 09:07:19 2025] [::1]:55988 [200]: GET /Settings.json
[Wed Jan 29 09:07:19 2025] [::1]:55988 Closing
[Wed Jan 29 09:07:19 2025] [::1]:55994 Accepted
[Wed Jan 29 09:07:19 2025] [::1]:55994 [200]: POST /list_templates.php
[Wed Jan 29 09:07:19 2025] [::1]:55994 Closing
[Wed Jan 29 09:07:19 2025] [::1]:56000 Accepted
[Wed Jan 29 09:07:19 2025] [::1]:56000 [200]: GET /panel.php
[Wed Jan 29 09:07:19 2025] [::1]:56000 Closing
[Wed Jan 29 09:07:20 2025] [::1]:56008 Accepted
[Wed Jan 29 09:07:20 2025] [::1]:56008 [200]: GET /assets/css/bootstrap.min.css
[Wed Jan 29 09:07:20 2025] [::1]:56008 Closing
[Wed Jan 29 09:07:20 2025] [::1]:56022 Accepted
[Wed Jan 29 09:07:20 2025] [::1]:56022 [200]: GET /assets/css/light-theme.min.css
[Wed Jan 29 09:07:20 2025] [::1]:56022 Closing
[Wed Jan 29 09:07:20 2025] [::1]:56030 Accepted
[Wed Jan 29 09:07:20 2025] [::1]:56030 [200]: GET /assets/js/jquery.min.js
[Wed Jan 29 09:07:20 2025] [::1]:56030 Closing
[Wed Jan 29 09:07:20 2025] [::1]:56046 Accepted
[Wed Jan 29 09:07:20 2025] [::1]:56046 [200]: GET /assets/js/script.js
[Wed Jan 29 09:07:20 2025] [::1]:56046 Closing
[Wed Jan 29 09:07:20 2025] [::1]:56048 Accepted
[Wed Jan 29 09:07:20 2025] [::1]:56048 [200]: GET /assets/js/sweetalert2.min.js
[Wed Jan 29 09:07:20 2025] [::1]:56048 Closing
[Wed Jan 29 09:07:20 2025] [::1]:56056 Accepted
[Wed Jan 29 09:07:20 2025] [::1]:56056 [200]: GET /assets/js/growl-notification.min.js
[Wed Jan 29 09:07:20 2025] [::1]:56056 Closing
[Wed Jan 29 09:07:20 2025] [::1]:56064 Accepted
[Wed Jan 29 09:07:20 2025] [::1]:56064 [200]: GET /Settings.json
[Wed Jan 29 09:07:20 2025] [::1]:56064 Closing
[Wed Jan 29 09:07:20 2025] [::1]:56076 Accepted
[Wed Jan 29 09:07:20 2025] [::1]:56076 [200]: POST /list_templates.php
[Wed Jan 29 09:07:20 2025] [::1]:56076 Closing
[Wed Jan 29 09:07:23 2025] [::1]:47554 Accepted
[Wed Jan 29 09:07:23 2025] [::1]:47554 [200]: POST /receiver.php
[Wed Jan 29 09:07:23 2025] [::1]:47554 Closing
[Wed Jan 29 09:07:25 2025] [::1]:47558 Accepted
[Wed Jan 29 09:07:25 2025] [::1]:47558 [200]: POST /receiver.php
[Wed Jan 29 09:07:25 2025] [::1]:47558 Closing
[Wed Jan 29 09:07:27 2025] [::1]:47566 Accepted
[Wed Jan 29 09:07:27 2025] [::1]:47566 [200]: POST /receiver.php
[Wed Jan 29 09:07:27 2025] [::1]:47566 Closing
[Wed Jan 29 09:07:29 2025] [::1]:47574 Accepted
[Wed Jan 29 09:07:29 2025] [::1]:47574 [200]: POST /receiver.php
[Wed Jan 29 09:07:29 2025] [::1]:47574 Closing
[Wed Jan 29 09:07:31 2025] [::1]:58298 Accepted
[Wed Jan 29 09:07:31 2025] [::1]:58298 [200]: POST /receiver.php
[Wed Jan 29 09:07:31 2025] [::1]:58298 Closing
[Wed Jan 29 09:07:33 2025] [::1]:58306 Accepted
[Wed Jan 29 09:07:33 2025] [::1]:58306 [200]: POST /receiver.php
[Wed Jan 29 09:07:33 2025] [::1]:58306 Closing
[Wed Jan 29 09:07:35 2025] [::1]:58314 Accepted
[Wed Jan 29 09:07:35 2025] [::1]:58314 [200]: POST /receiver.php
[Wed Jan 29 09:07:35 2025] [::1]:58314 Closing
[Wed Jan 29 09:07:35 2025] [::1]:58322 Accepted
[Wed Jan 29 09:07:37 2025] [::1]:58322 [200]: POST /receiver.php
[Wed Jan 29 09:07:37 2025] [::1]:58322 Closing
[Wed Jan 29 09:07:39 2025] [::1]:58336 Accepted
[Wed Jan 29 09:07:39 2025] [::1]:58336 [200]: POST /receiver.php
[Wed Jan 29 09:07:39 2025] [::1]:58336 Closing
[Wed Jan 29 09:07:41 2025] [::1]:46560 Accepted
[Wed Jan 29 09:07:41 2025] [::1]:46560 [200]: POST /receiver.php
[Wed Jan 29 09:07:41 2025] [::1]:46560 Closing
[Wed Jan 29 09:07:43 2025] [::1]:46574 Accepted
[Wed Jan 29 09:07:43 2025] [::1]:46574 [200]: POST /receiver.php
[Wed Jan 29 09:07:43 2025] [::1]:46574 Closing
[Wed Jan 29 09:07:45 2025] [::1]:46588 Accepted
[Wed Jan 29 09:07:45 2025] [::1]:46588 [200]: POST /receiver.php
[Wed Jan 29 09:07:45 2025] [::1]:46588 Closing
[Wed Jan 29 09:07:47 2025] [::1]:46600 Accepted
[Wed Jan 29 09:07:47 2025] [::1]:46600 [200]: POST /receiver.php
[Wed Jan 29 09:07:47 2025] [::1]:46600 Closing
[Wed Jan 29 09:07:49 2025] [::1]:46610 Accepted
[Wed Jan 29 09:07:49 2025] [::1]:46610 [200]: POST /receiver.php
[Wed Jan 29 09:07:49 2025] [::1]:46610 Closing
[Wed Jan 29 09:07:51 2025] [::1]:47840 Accepted
[Wed Jan 29 09:07:51 2025] [::1]:47840 [200]: POST /receiver.php
[Wed Jan 29 09:07:51 2025] [::1]:47840 Closing
[Wed Jan 29 09:07:53 2025] [::1]:47844 Accepted
[Wed Jan 29 09:07:53 2025] [::1]:47844 [200]: POST /receiver.php
[Wed Jan 29 09:07:53 2025] [::1]:47844 Closing
[Wed Jan 29 09:07:55 2025] [::1]:47848 Accepted
[Wed Jan 29 09:07:55 2025] [::1]:47848 [200]: POST /receiver.php
[Wed Jan 29 09:07:55 2025] [::1]:47848 Closing
[Wed Jan 29 09:07:57 2025] [::1]:47860 Accepted
[Wed Jan 29 09:07:57 2025] [::1]:47860 [200]: POST /receiver.php
[Wed Jan 29 09:07:57 2025] [::1]:47860 Closing
[Wed Jan 29 09:07:59 2025] [::1]:47876 Accepted
[Wed Jan 29 09:07:59 2025] [::1]:47876 [200]: POST /receiver.php
[Wed Jan 29 09:07:59 2025] [::1]:47876 Closing
[Wed Jan 29 09:08:01 2025] [::1]:45876 Accepted
[Wed Jan 29 09:08:01 2025] [::1]:45876 [200]: POST /receiver.php
[Wed Jan 29 09:08:01 2025] [::1]:45876 Closing
[Wed Jan 29 09:08:03 2025] [::1]:45888 Accepted
[Wed Jan 29 09:08:03 2025] [::1]:45888 [200]: POST /receiver.php
[Wed Jan 29 09:08:03 2025] [::1]:45888 Closing
[Wed Jan 29 09:08:05 2025] [::1]:45900 Accepted
[Wed Jan 29 09:08:05 2025] [::1]:45900 [200]: POST /receiver.php
[Wed Jan 29 09:08:05 2025] [::1]:45900 Closing
[Wed Jan 29 09:08:07 2025] [::1]:45908 Accepted
[Wed Jan 29 09:08:07 2025] [::1]:45908 [200]: POST /receiver.php
[Wed Jan 29 09:08:07 2025] [::1]:45908 Closing
[Wed Jan 29 09:08:09 2025] [::1]:45914 Accepted
[Wed Jan 29 09:08:09 2025] [::1]:45914 [200]: POST /receiver.php
[Wed Jan 29 09:08:09 2025] [::1]:45914 Closing
[Wed Jan 29 09:08:11 2025] [::1]:35474 Accepted
[Wed Jan 29 09:08:11 2025] [::1]:35474 [200]: POST /receiver.php
[Wed Jan 29 09:08:11 2025] [::1]:35474 Closing
[Wed Jan 29 09:08:13 2025] [::1]:35486 Accepted
[Wed Jan 29 09:08:13 2025] [::1]:35486 [200]: POST /receiver.php
[Wed Jan 29 09:08:13 2025] [::1]:35486 Closing
[Wed Jan 29 09:08:15 2025] [::1]:35490 Accepted
[Wed Jan 29 09:08:15 2025] [::1]:35490 [200]: POST /receiver.php
[Wed Jan 29 09:08:15 2025] [::1]:35490 Closing
[Wed Jan 29 09:08:17 2025] [::1]:35498 Accepted
[Wed Jan 29 09:08:17 2025] [::1]:35498 [200]: POST /receiver.php
[Wed Jan 29 09:08:17 2025] [::1]:35498 Closing
[Wed Jan 29 09:08:19 2025] [::1]:35500 Accepted
[Wed Jan 29 09:08:19 2025] [::1]:35500 [200]: POST /receiver.php
[Wed Jan 29 09:08:19 2025] [::1]:35500 Closing
[Wed Jan 29 09:08:21 2025] [::1]:34140 Accepted
[Wed Jan 29 09:08:21 2025] [::1]:34140 [200]: POST /receiver.php
[Wed Jan 29 09:08:21 2025] [::1]:34140 Closing
[Wed Jan 29 09:08:23 2025] [::1]:34144 Accepted
[Wed Jan 29 09:08:23 2025] [::1]:34144 [200]: POST /receiver.php
[Wed Jan 29 09:08:23 2025] [::1]:34144 Closing
[Wed Jan 29 09:08:25 2025] [::1]:34146 Accepted
[Wed Jan 29 09:08:25 2025] [::1]:34146 [200]: POST /receiver.php
[Wed Jan 29 09:08:25 2025] [::1]:34146 Closing
[Wed Jan 29 09:08:27 2025] [::1]:34148 Accepted
[Wed Jan 29 09:08:27 2025] [::1]:34148 [200]: GET /panel.php
[Wed Jan 29 09:08:27 2025] [::1]:34148 Closing
[Wed Jan 29 09:08:27 2025] [::1]:34154 Accepted
[Wed Jan 29 09:08:27 2025] [::1]:34154 [200]: GET /assets/js/jquery.min.js
[Wed Jan 29 09:08:27 2025] [::1]:34154 Closing
[Wed Jan 29 09:08:27 2025] [::1]:34164 Accepted
[Wed Jan 29 09:08:27 2025] [::1]:34164 [200]: GET /assets/js/script.js
[Wed Jan 29 09:08:27 2025] [::1]:34164 Closing
[Wed Jan 29 09:08:27 2025] [::1]:34180 Accepted
[Wed Jan 29 09:08:27 2025] [::1]:34180 [200]: GET /assets/js/sweetalert2.min.js
[Wed Jan 29 09:08:27 2025] [::1]:34180 Closing
[Wed Jan 29 09:08:27 2025] [::1]:34186 Accepted
[Wed Jan 29 09:08:27 2025] [::1]:34192 Accepted
[Wed Jan 29 09:08:27 2025] [::1]:34186 [200]: GET /assets/js/growl-notification.min.js
[Wed Jan 29 09:08:27 2025] [::1]:34186 Closing
[Wed Jan 29 09:08:27 2025] [::1]:34192 [200]: GET /assets/css/bootstrap.min.css
[Wed Jan 29 09:08:27 2025] [::1]:34200 Accepted
[Wed Jan 29 09:08:27 2025] [::1]:34192 Closing
[Wed Jan 29 09:08:27 2025] [::1]:34200 [200]: GET /assets/css/light-theme.min.css
[Wed Jan 29 09:08:27 2025] [::1]:34200 Closing
[Wed Jan 29 09:08:27 2025] [::1]:34214 Accepted
[Wed Jan 29 09:08:27 2025] [::1]:34214 [404]: GET /favicon.ico - No such file or directory
[Wed Jan 29 09:08:27 2025] [::1]:34214 Closing
[Wed Jan 29 09:08:27 2025] [::1]:34218 Accepted
[Wed Jan 29 09:08:27 2025] [::1]:34218 [200]: GET /Settings.json
[Wed Jan 29 09:08:27 2025] [::1]:34218 Closing
[Wed Jan 29 09:08:27 2025] [::1]:34220 Accepted
[Wed Jan 29 09:08:27 2025] [::1]:34220 [200]: POST /list_templates.php
[Wed Jan 29 09:08:27 2025] [::1]:34220 Closing
[Wed Jan 29 09:08:28 2025] [::1]:34224 Accepted
[Wed Jan 29 09:08:28 2025] [::1]:34224 [200]: GET /panel.php
[Wed Jan 29 09:08:28 2025] [::1]:34224 Closing
[Wed Jan 29 09:08:28 2025] [::1]:34236 Accepted
[Wed Jan 29 09:08:28 2025] [::1]:34236 [200]: GET /assets/css/bootstrap.min.css
[Wed Jan 29 09:08:28 2025] [::1]:34236 Closing
[Wed Jan 29 09:08:28 2025] [::1]:34238 Accepted
[Wed Jan 29 09:08:28 2025] [::1]:34238 [200]: GET /assets/css/light-theme.min.css
[Wed Jan 29 09:08:28 2025] [::1]:34238 Closing
[Wed Jan 29 09:08:28 2025] [::1]:34240 Accepted
[Wed Jan 29 09:08:28 2025] [::1]:34240 [200]: GET /assets/js/jquery.min.js
[Wed Jan 29 09:08:28 2025] [::1]:34240 Closing
[Wed Jan 29 09:08:28 2025] [::1]:34246 Accepted
[Wed Jan 29 09:08:28 2025] [::1]:34246 [200]: GET /assets/js/script.js
[Wed Jan 29 09:08:28 2025] [::1]:34246 Closing
[Wed Jan 29 09:08:28 2025] [::1]:34258 Accepted
[Wed Jan 29 09:08:28 2025] [::1]:34258 [200]: GET /assets/js/sweetalert2.min.js
[Wed Jan 29 09:08:28 2025] [::1]:34260 Accepted
[Wed Jan 29 09:08:28 2025] [::1]:34258 Closing
[Wed Jan 29 09:08:28 2025] [::1]:34260 [200]: GET /assets/js/growl-notification.min.js
[Wed Jan 29 09:08:28 2025] [::1]:34260 Closing
[Wed Jan 29 09:08:28 2025] [::1]:34266 Accepted
[Wed Jan 29 09:08:28 2025] [::1]:34266 [200]: GET /Settings.json
[Wed Jan 29 09:08:28 2025] [::1]:34266 Closing
[Wed Jan 29 09:08:28 2025] [::1]:34270 Accepted
[Wed Jan 29 09:08:28 2025] [::1]:34270 [200]: POST /list_templates.php
[Wed Jan 29 09:08:28 2025] [::1]:34270 Closing
[Wed Jan 29 09:08:28 2025] [::1]:34272 Accepted
[Wed Jan 29 09:08:29 2025] [::1]:34272 [404]: GET /www.github.com/ItsManishDev - No such file or directory
[Wed Jan 29 09:08:29 2025] [::1]:34272 Closing
[Wed Jan 29 09:09:21 2025] [::1]:36382 Accepted
[Wed Jan 29 09:09:21 2025] [::1]:36382 [200]: GET /panel.php
[Wed Jan 29 09:09:21 2025] [::1]:36382 Closing
[Wed Jan 29 09:09:21 2025] [::1]:36388 Accepted
[Wed Jan 29 09:09:21 2025] [::1]:36388 [200]: GET /Settings.json
[Wed Jan 29 09:09:21 2025] [::1]:36388 Closing
[Wed Jan 29 09:09:21 2025] [::1]:36390 Accepted
[Wed Jan 29 09:09:21 2025] [::1]:36390 [200]: POST /list_templates.php
[Wed Jan 29 09:09:21 2025] [::1]:36390 Closing
[Wed Jan 29 09:09:24 2025] [::1]:36396 Accepted
[Wed Jan 29 09:09:24 2025] [::1]:36396 [200]: GET /panel.php
[Wed Jan 29 09:09:24 2025] [::1]:36396 Closing
[Wed Jan 29 09:09:24 2025] [::1]:36408 Accepted
[Wed Jan 29 09:09:24 2025] [::1]:36408 [200]: GET /assets/js/jquery.min.js
[Wed Jan 29 09:09:24 2025] [::1]:36408 Closing
[Wed Jan 29 09:09:24 2025] [::1]:36418 Accepted
[Wed Jan 29 09:09:24 2025] [::1]:36418 [200]: GET /assets/js/script.js
[Wed Jan 29 09:09:24 2025] [::1]:36418 Closing
[Wed Jan 29 09:09:24 2025] [::1]:36432 Accepted
[Wed Jan 29 09:09:24 2025] [::1]:36432 [200]: GET /assets/js/sweetalert2.min.js
[Wed Jan 29 09:09:24 2025] [::1]:36432 Closing
[Wed Jan 29 09:09:24 2025] [::1]:36438 Accepted
[Wed Jan 29 09:09:24 2025] [::1]:36438 [200]: GET /assets/js/growl-notification.min.js
[Wed Jan 29 09:09:24 2025] [::1]:36438 Closing
[Wed Jan 29 09:09:24 2025] [::1]:36444 Accepted
[Wed Jan 29 09:09:24 2025] [::1]:36450 Accepted
[Wed Jan 29 09:09:24 2025] [::1]:36444 [200]: GET /assets/css/bootstrap.min.css
[Wed Jan 29 09:09:24 2025] [::1]:36450 [200]: GET /assets/css/light-theme.min.css
[Wed Jan 29 09:09:24 2025] [::1]:36444 Closing
[Wed Jan 29 09:09:24 2025] [::1]:36450 Closing
[Wed Jan 29 09:09:24 2025] [::1]:36464 Accepted
[Wed Jan 29 09:09:24 2025] [::1]:36464 [200]: GET /Settings.json
[Wed Jan 29 09:09:24 2025] [::1]:36464 Closing
[Wed Jan 29 09:09:24 2025] [::1]:36474 Accepted
[Wed Jan 29 09:09:24 2025] [::1]:36474 [200]: POST /list_templates.php
[Wed Jan 29 09:09:24 2025] [::1]:36474 Closing
[Wed Jan 29 09:09:27 2025] [::1]:36488 Accepted
[Wed Jan 29 09:09:27 2025] [::1]:36488 [200]: POST /receiver.php
[Wed Jan 29 09:09:27 2025] [::1]:36488 Closing
[Wed Jan 29 09:09:44 2025] [::1]:53818 Accepted
[Wed Jan 29 09:09:44 2025] [::1]:53818 [200]: GET /panel.php
[Wed Jan 29 09:09:44 2025] [::1]:53818 Closing
[Wed Jan 29 09:09:44 2025] [::1]:53828 Accepted
[Wed Jan 29 09:09:44 2025] [::1]:53828 [200]: GET /Settings.json
[Wed Jan 29 09:09:44 2025] [::1]:53828 Closing
[Wed Jan 29 09:09:44 2025] [::1]:53842 Accepted
[Wed Jan 29 09:09:44 2025] [::1]:53842 [200]: POST /list_templates.php
[Wed Jan 29 09:09:44 2025] [::1]:53842 Closing
[Wed Jan 29 09:09:47 2025] [::1]:53858 Accepted
[Wed Jan 29 09:09:47 2025] [::1]:53858 [200]: POST /receiver.php
[Wed Jan 29 09:09:47 2025] [::1]:53858 Closing
[Wed Jan 29 09:09:49 2025] [::1]:53862 Accepted
[Wed Jan 29 09:09:49 2025] [::1]:53862 [200]: POST /receiver.php
[Wed Jan 29 09:09:49 2025] [::1]:53862 Closing
[Wed Jan 29 09:09:51 2025] [::1]:56070 Accepted
[Wed Jan 29 09:09:51 2025] [::1]:56070 [200]: POST /receiver.php
[Wed Jan 29 09:09:51 2025] [::1]:56070 Closing
[Wed Jan 29 09:09:53 2025] [::1]:56078 Accepted
[Wed Jan 29 09:09:53 2025] [::1]:56078 [200]: POST /receiver.php
[Wed Jan 29 09:09:53 2025] [::1]:56078 Closing
[Wed Jan 29 09:09:55 2025] [::1]:56090 Accepted
[Wed Jan 29 09:09:55 2025] [::1]:56090 [200]: POST /receiver.php
[Wed Jan 29 09:09:55 2025] [::1]:56090 Closing
[Wed Jan 29 09:09:57 2025] [::1]:56094 Accepted
[Wed Jan 29 09:09:57 2025] [::1]:56094 [200]: POST /receiver.php
[Wed Jan 29 09:09:57 2025] [::1]:56094 Closing
[Wed Jan 29 09:09:59 2025] [::1]:56098 Accepted
[Wed Jan 29 09:09:59 2025] [::1]:56098 [200]: POST /receiver.php
[Wed Jan 29 09:09:59 2025] [::1]:56098 Closing
[Wed Jan 29 09:10:01 2025] [::1]:54822 Accepted
[Wed Jan 29 09:10:01 2025] [::1]:54822 [200]: POST /receiver.php
[Wed Jan 29 09:10:01 2025] [::1]:54822 Closing
[Wed Jan 29 09:10:03 2025] [::1]:54826 Accepted
[Wed Jan 29 09:10:03 2025] [::1]:54826 [200]: POST /receiver.php
[Wed Jan 29 09:10:03 2025] [::1]:54826 Closing
[Wed Jan 29 09:10:05 2025] [::1]:54834 Accepted
[Wed Jan 29 09:10:05 2025] [::1]:54834 [200]: POST /receiver.php
[Wed Jan 29 09:10:05 2025] [::1]:54834 Closing
[Wed Jan 29 09:10:07 2025] [::1]:54838 Accepted
[Wed Jan 29 09:10:07 2025] [::1]:54838 [200]: POST /receiver.php
[Wed Jan 29 09:10:07 2025] [::1]:54838 Closing
[Wed Jan 29 09:10:09 2025] [::1]:54844 Accepted
[Wed Jan 29 09:10:09 2025] [::1]:54844 [200]: POST /receiver.php
[Wed Jan 29 09:10:09 2025] [::1]:54844 Closing
[Wed Jan 29 09:10:11 2025] [::1]:42608 Accepted
[Wed Jan 29 09:10:11 2025] [::1]:42608 [200]: POST /receiver.php
[Wed Jan 29 09:10:11 2025] [::1]:42608 Closing
[Wed Jan 29 09:10:13 2025] [::1]:42612 Accepted
[Wed Jan 29 09:10:13 2025] [::1]:42612 [200]: POST /receiver.php
[Wed Jan 29 09:10:13 2025] [::1]:42612 Closing
[Wed Jan 29 09:10:15 2025] [::1]:42626 Accepted
[Wed Jan 29 09:10:15 2025] [::1]:42626 [200]: POST /receiver.php
[Wed Jan 29 09:10:15 2025] [::1]:42626 Closing
[Wed Jan 29 09:10:17 2025] [::1]:42634 Accepted
[Wed Jan 29 09:10:17 2025] [::1]:42634 [200]: POST /receiver.php
[Wed Jan 29 09:10:17 2025] [::1]:42634 Closing
[Wed Jan 29 09:10:19 2025] [::1]:42642 Accepted
[Wed Jan 29 09:10:19 2025] [::1]:42642 [200]: POST /receiver.php
[Wed Jan 29 09:10:19 2025] [::1]:42642 Closing
[Wed Jan 29 09:10:21 2025] [::1]:59624 Accepted
[Wed Jan 29 09:10:21 2025] [::1]:59624 [200]: POST /receiver.php
[Wed Jan 29 09:10:21 2025] [::1]:59624 Closing
[Wed Jan 29 09:10:23 2025] [::1]:59640 Accepted
[Wed Jan 29 09:10:23 2025] [::1]:59640 [200]: POST /receiver.php
[Wed Jan 29 09:10:23 2025] [::1]:59640 Closing
[Wed Jan 29 09:10:25 2025] [::1]:59652 Accepted
[Wed Jan 29 09:10:25 2025] [::1]:59652 [200]: POST /receiver.php
[Wed Jan 29 09:10:25 2025] [::1]:59652 Closing
[Wed Jan 29 09:10:27 2025] [::1]:59660 Accepted
[Wed Jan 29 09:10:27 2025] [::1]:59660 [200]: POST /receiver.php
[Wed Jan 29 09:10:27 2025] [::1]:59660 Closing
[Wed Jan 29 09:10:29 2025] [::1]:59668 Accepted
[Wed Jan 29 09:10:29 2025] [::1]:59668 [200]: POST /receiver.php
[Wed Jan 29 09:10:29 2025] [::1]:59668 Closing
[Wed Jan 29 09:10:31 2025] [::1]:44956 Accepted
[Wed Jan 29 09:10:31 2025] [::1]:44956 [200]: POST /receiver.php
[Wed Jan 29 09:10:32 2025] [::1]:44956 Closing
[Wed Jan 29 09:10:34 2025] [::1]:44958 Accepted
[Wed Jan 29 09:10:34 2025] [::1]:44958 [200]: POST /receiver.php
[Wed Jan 29 09:10:34 2025] [::1]:44958 Closing
[Wed Jan 29 09:10:36 2025] [::1]:44970 Accepted
[Wed Jan 29 09:10:36 2025] [::1]:44970 [200]: POST /receiver.php
[Wed Jan 29 09:10:36 2025] [::1]:44970 Closing
[Wed Jan 29 09:10:38 2025] [::1]:44980 Accepted
[Wed Jan 29 09:10:38 2025] [::1]:44980 [200]: POST /receiver.php
[Wed Jan 29 09:10:38 2025] [::1]:44980 Closing
[Wed Jan 29 09:10:39 2025] [::1]:44990 Accepted
[Wed Jan 29 09:10:39 2025] [::1]:44990 [200]: GET /panel.php
[Wed Jan 29 09:10:39 2025] [::1]:44990 Closing
[Wed Jan 29 09:10:39 2025] [::1]:44992 Accepted
[Wed Jan 29 09:10:39 2025] [::1]:44992 [200]: GET /assets/js/jquery.min.js
[Wed Jan 29 09:10:39 2025] [::1]:44992 Closing
[Wed Jan 29 09:10:39 2025] [::1]:45006 Accepted
[Wed Jan 29 09:10:39 2025] [::1]:45006 [200]: GET /assets/js/script.js
[Wed Jan 29 09:10:39 2025] [::1]:45006 Closing
[Wed Jan 29 09:10:39 2025] [::1]:45016 Accepted
[Wed Jan 29 09:10:39 2025] [::1]:45016 [200]: GET /assets/js/sweetalert2.min.js
[Wed Jan 29 09:10:39 2025] [::1]:45016 Closing
[Wed Jan 29 09:10:39 2025] [::1]:45024 Accepted
[Wed Jan 29 09:10:39 2025] [::1]:45026 Accepted
[Wed Jan 29 09:10:39 2025] [::1]:45024 [200]: GET /assets/js/growl-notification.min.js
[Wed Jan 29 09:10:39 2025] [::1]:45032 Accepted
[Wed Jan 29 09:10:39 2025] [::1]:45024 Closing
[Wed Jan 29 09:10:39 2025] [::1]:45026 [200]: GET /assets/css/bootstrap.min.css
[Wed Jan 29 09:10:39 2025] [::1]:45032 [200]: GET /assets/css/light-theme.min.css
[Wed Jan 29 09:10:39 2025] [::1]:45032 Closing
[Wed Jan 29 09:10:39 2025] [::1]:45026 Closing
[Wed Jan 29 09:10:39 2025] [::1]:45044 Accepted
[Wed Jan 29 09:10:39 2025] [::1]:45044 [200]: GET /Settings.json
[Wed Jan 29 09:10:39 2025] [::1]:45044 Closing
[Wed Jan 29 09:10:39 2025] [::1]:45060 Accepted
[Wed Jan 29 09:10:39 2025] [::1]:45060 [200]: POST /list_templates.php
[Wed Jan 29 09:10:39 2025] [::1]:45060 Closing
[Wed Jan 29 09:10:42 2025] [::1]:56512 Accepted
[Wed Jan 29 09:10:42 2025] [::1]:56512 [200]: POST /receiver.php
[Wed Jan 29 09:10:42 2025] [::1]:56512 Closing
[Wed Jan 29 09:10:44 2025] [::1]:56514 Accepted
[Wed Jan 29 09:10:44 2025] [::1]:56514 [200]: POST /receiver.php
[Wed Jan 29 09:10:44 2025] [::1]:56514 Closing
[Wed Jan 29 09:10:46 2025] [::1]:56528 Accepted
[Wed Jan 29 09:10:46 2025] [::1]:56528 [200]: POST /receiver.php
[Wed Jan 29 09:10:46 2025] [::1]:56528 Closing
[Wed Jan 29 09:10:48 2025] [::1]:56530 Accepted
[Wed Jan 29 09:10:48 2025] [::1]:56530 [200]: POST /receiver.php
[Wed Jan 29 09:10:48 2025] [::1]:56530 Closing
[Wed Jan 29 09:10:50 2025] [::1]:56542 Accepted
[Wed Jan 29 09:10:50 2025] [::1]:56542 [200]: POST /receiver.php
[Wed Jan 29 09:10:50 2025] [::1]:56542 Closing
[Wed Jan 29 09:10:52 2025] [::1]:34386 Accepted
[Wed Jan 29 09:10:52 2025] [::1]:34386 [200]: POST /receiver.php
[Wed Jan 29 09:10:52 2025] [::1]:34386 Closing
[Wed Jan 29 09:10:54 2025] [::1]:34388 Accepted
[Wed Jan 29 09:10:54 2025] [::1]:34388 [200]: POST /receiver.php
[Wed Jan 29 09:10:54 2025] [::1]:34388 Closing
[Wed Jan 29 09:10:56 2025] [::1]:34394 Accepted
[Wed Jan 29 09:10:56 2025] [::1]:34394 [200]: POST /receiver.php
[Wed Jan 29 09:10:56 2025] [::1]:34394 Closing
[Wed Jan 29 09:10:58 2025] [::1]:34404 Accepted
[Wed Jan 29 09:10:58 2025] [::1]:34404 [200]: POST /receiver.php
[Wed Jan 29 09:10:58 2025] [::1]:34404 Closing
[Wed Jan 29 09:11:00 2025] [::1]:34406 Accepted
[Wed Jan 29 09:11:00 2025] [::1]:34406 [200]: POST /receiver.php
[Wed Jan 29 09:11:00 2025] [::1]:34406 Closing
[Wed Jan 29 09:11:02 2025] [::1]:53532 Accepted
[Wed Jan 29 09:11:02 2025] [::1]:53532 [200]: POST /receiver.php
[Wed Jan 29 09:11:02 2025] [::1]:53532 Closing
[Wed Jan 29 09:11:04 2025] [::1]:53548 Accepted
[Wed Jan 29 09:11:04 2025] [::1]:53548 [200]: POST /receiver.php
[Wed Jan 29 09:11:04 2025] [::1]:53548 Closing
[Wed Jan 29 09:11:06 2025] [::1]:53552 Accepted
[Wed Jan 29 09:11:06 2025] [::1]:53552 [200]: POST /receiver.php
[Wed Jan 29 09:11:06 2025] [::1]:53552 Closing
[Wed Jan 29 09:11:08 2025] [::1]:53562 Accepted
[Wed Jan 29 09:11:08 2025] [::1]:53562 [200]: POST /receiver.php
[Wed Jan 29 09:11:08 2025] [::1]:53562 Closing
[Wed Jan 29 09:11:10 2025] [::1]:53682 Accepted
[Wed Jan 29 09:11:10 2025] [::1]:53682 [200]: POST /receiver.php
[Wed Jan 29 09:11:10 2025] [::1]:53682 Closing
[Wed Jan 29 09:11:12 2025] [::1]:53694 Accepted
[Wed Jan 29 09:11:12 2025] [::1]:53694 [200]: POST /receiver.php
[Wed Jan 29 09:11:12 2025] [::1]:53694 Closing
[Wed Jan 29 09:11:14 2025] [::1]:53696 Accepted
[Wed Jan 29 09:11:14 2025] [::1]:53696 [200]: POST /receiver.php
[Wed Jan 29 09:11:14 2025] [::1]:53696 Closing
[Wed Jan 29 09:11:16 2025] [::1]:53704 Accepted
[Wed Jan 29 09:11:16 2025] [::1]:53704 [200]: POST /receiver.php
[Wed Jan 29 09:11:16 2025] [::1]:53704 Closing
[Wed Jan 29 09:11:18 2025] [::1]:53710 Accepted
[Wed Jan 29 09:11:18 2025] [::1]:53710 [200]: GET /panel.php
[Wed Jan 29 09:11:18 2025] [::1]:53710 Closing
[Wed Jan 29 09:11:18 2025] [::1]:53724 Accepted
[Wed Jan 29 09:11:18 2025] [::1]:53724 [200]: GET /assets/js/jquery.min.js
[Wed Jan 29 09:11:18 2025] [::1]:53724 Closing
[Wed Jan 29 09:11:18 2025] [::1]:53730 Accepted
[Wed Jan 29 09:11:18 2025] [::1]:53730 [200]: GET /assets/js/script.js
[Wed Jan 29 09:11:18 2025] [::1]:53730 Closing
[Wed Jan 29 09:11:18 2025] [::1]:53746 Accepted
[Wed Jan 29 09:11:18 2025] [::1]:53746 [200]: GET /assets/js/sweetalert2.min.js
[Wed Jan 29 09:11:18 2025] [::1]:53762 Accepted
[Wed Jan 29 09:11:18 2025] [::1]:53746 Closing
[Wed Jan 29 09:11:18 2025] [::1]:53762 [200]: GET /assets/js/growl-notification.min.js
[Wed Jan 29 09:11:18 2025] [::1]:53762 Closing
[Wed Jan 29 09:11:18 2025] [::1]:53768 Accepted
[Wed Jan 29 09:11:18 2025] [::1]:53772 Accepted
[Wed Jan 29 09:11:18 2025] [::1]:53768 [200]: GET /assets/css/bootstrap.min.css
[Wed Jan 29 09:11:18 2025] [::1]:53768 Closing
[Wed Jan 29 09:11:18 2025] [::1]:53772 [200]: GET /assets/css/light-theme.min.css
[Wed Jan 29 09:11:18 2025] [::1]:53772 Closing
[Wed Jan 29 09:11:18 2025] [::1]:53788 Accepted
[Wed Jan 29 09:11:18 2025] [::1]:53788 [404]: GET /favicon.ico - No such file or directory
[Wed Jan 29 09:11:18 2025] [::1]:53788 Closing
[Wed Jan 29 09:11:18 2025] [::1]:53792 Accepted
[Wed Jan 29 09:11:18 2025] [::1]:53792 [200]: GET /Settings.json
[Wed Jan 29 09:11:18 2025] [::1]:53792 Closing
[Wed Jan 29 09:11:18 2025] [::1]:53796 Accepted
[Wed Jan 29 09:11:18 2025] [::1]:53796 [200]: POST /list_templates.php
[Wed Jan 29 09:11:18 2025] [::1]:53796 Closing
[Wed Jan 29 09:11:22 2025] [::1]:54946 Accepted
[Wed Jan 29 09:11:22 2025] [::1]:54946 [200]: POST /receiver.php
[Wed Jan 29 09:11:22 2025] [::1]:54946 Closing
[Wed Jan 29 09:11:24 2025] [::1]:54950 Accepted
[Wed Jan 29 09:11:24 2025] [::1]:54950 [200]: POST /receiver.php
[Wed Jan 29 09:11:24 2025] [::1]:54950 Closing
[Wed Jan 29 09:11:26 2025] [::1]:54956 Accepted
[Wed Jan 29 09:11:26 2025] [::1]:54956 [200]: POST /receiver.php
[Wed Jan 29 09:11:26 2025] [::1]:54956 Closing
[Wed Jan 29 09:11:28 2025] [::1]:54964 Accepted
[Wed Jan 29 09:11:28 2025] [::1]:54964 [200]: POST /receiver.php
[Wed Jan 29 09:11:28 2025] [::1]:54964 Closing
[Wed Jan 29 09:11:30 2025] [::1]:54968 Accepted
[Wed Jan 29 09:11:30 2025] [::1]:54968 [200]: POST /receiver.php
[Wed Jan 29 09:11:30 2025] [::1]:54968 Closing
[Wed Jan 29 09:11:32 2025] [::1]:51488 Accepted
[Wed Jan 29 09:11:32 2025] [::1]:51488 [200]: POST /receiver.php
[Wed Jan 29 09:11:32 2025] [::1]:51488 Closing
[Wed Jan 29 09:11:34 2025] [::1]:51490 Accepted
[Wed Jan 29 09:11:34 2025] [::1]:51490 [200]: POST /receiver.php
[Wed Jan 29 09:11:34 2025] [::1]:51490 Closing
